<?xml version="1.0" encoding="UTF-8"?>
<coverage generated="1774270655800" clover="3.2.0">
  <project timestamp="1774270655800" name="All files">
    <metrics statements="742" coveredstatements="358" conditionals="560" coveredconditionals="196" methods="206" coveredmethods="114" elements="1508" coveredelements="668" complexity="0" loc="742" ncloc="742" packages="3" files="15" classes="15"/>
    <package name="data">
      <metrics statements="169" coveredstatements="57" conditionals="138" coveredconditionals="27" methods="49" coveredmethods="23"/>
      <file name="achievements.ts" path="/Users/masayoshiyuuto/neet-quest/src/data/achievements.ts">
        <metrics statements="1" coveredstatements="1" conditionals="0" coveredconditionals="0" methods="0" coveredmethods="0"/>
        <line num="3" count="7" type="stmt"/>
      </file>
      <file name="endings.ts" path="/Users/masayoshiyuuto/neet-quest/src/data/endings.ts">
        <metrics statements="18" coveredstatements="3" conditionals="14" coveredconditionals="0" methods="10" coveredmethods="0"/>
        <line num="28" count="7" type="stmt"/>
        <line num="34" count="0" type="stmt"/>
        <line num="37" count="7" type="stmt"/>
        <line num="47" count="0" type="cond" truecount="0" falsecount="4"/>
        <line num="71" count="0" type="cond" truecount="0" falsecount="2"/>
        <line num="95" count="0" type="cond" truecount="0" falsecount="2"/>
        <line num="114" count="0" type="cond" truecount="0" falsecount="2"/>
        <line num="133" count="0" type="stmt"/>
        <line num="151" count="0" type="stmt"/>
        <line num="153" count="0" type="stmt"/>
        <line num="154" count="0" type="cond" truecount="0" falsecount="2"/>
        <line num="155" count="0" type="stmt"/>
        <line num="161" count="0" type="stmt"/>
        <line num="173" count="7" type="stmt"/>
        <line num="186" count="0" type="stmt"/>
        <line num="187" count="0" type="cond" truecount="0" falsecount="2"/>
        <line num="188" count="0" type="stmt"/>
        <line num="191" count="0" type="stmt"/>
      </file>
      <file name="enemies.ts" path="/Users/masayoshiyuuto/neet-quest/src/data/enemies.ts">
        <metrics statements="1" coveredstatements="1" conditionals="0" coveredconditionals="0" methods="0" coveredmethods="0"/>
        <line num="4" count="8" type="stmt"/>
      </file>
      <file name="enemyAI.ts" path="/Users/masayoshiyuuto/neet-quest/src/data/enemyAI.ts">
        <metrics statements="58" coveredstatements="9" conditionals="61" coveredconditionals="6" methods="12" coveredmethods="4"/>
        <line num="30" count="7" type="stmt"/>
        <line num="45" count="139" type="stmt"/>
        <line num="48" count="0" type="stmt"/>
        <line num="52" count="66" type="stmt"/>
        <line num="56" count="38" type="stmt"/>
        <line num="64" count="0" type="stmt"/>
        <line num="68" count="0" type="cond" truecount="0" falsecount="4"/>
        <line num="69" count="0" type="stmt"/>
        <line num="71" count="0" type="stmt"/>
        <line num="75" count="0" type="cond" truecount="0" falsecount="4"/>
        <line num="76" count="0" type="stmt"/>
        <line num="78" count="0" type="stmt"/>
        <line num="82" count="0" type="stmt"/>
        <line num="83" count="0" type="cond" truecount="0" falsecount="2"/>
        <line num="85" count="0" type="stmt"/>
        <line num="86" count="0" type="cond" truecount="0" falsecount="2"/>
        <line num="88" count="0" type="cond" truecount="0" falsecount="2"/>
        <line num="89" count="0" type="stmt"/>
        <line num="91" count="0" type="stmt"/>
        <line num="98" count="0" type="stmt"/>
        <line num="99" count="0" type="stmt"/>
        <line num="100" count="0" type="stmt"/>
        <line num="102" count="0" type="cond" truecount="0" falsecount="2"/>
        <line num="104" count="0" type="cond" truecount="0" falsecount="4"/>
        <line num="105" count="0" type="stmt"/>
        <line num="107" count="0" type="stmt"/>
        <line num="111" count="0" type="stmt"/>
        <line num="112" count="0" type="cond" truecount="0" falsecount="4"/>
        <line num="113" count="0" type="stmt"/>
        <line num="115" count="0" type="cond" truecount="0" falsecount="4"/>
        <line num="117" count="0" type="stmt"/>
        <line num="119" count="0" type="stmt"/>
        <line num="127" count="0" type="stmt"/>
        <line num="128" count="0" type="stmt"/>
        <line num="130" count="0" type="stmt"/>
        <line num="131" count="0" type="stmt"/>
        <line num="132" count="0" type="stmt"/>
        <line num="135" count="0" type="cond" truecount="0" falsecount="4"/>
        <line num="136" count="0" type="stmt"/>
        <line num="140" count="0" type="cond" truecount="0" falsecount="5"/>
        <line num="141" count="0" type="stmt"/>
        <line num="145" count="0" type="cond" truecount="0" falsecount="5"/>
        <line num="146" count="0" type="stmt"/>
        <line num="150" count="0" type="stmt"/>
        <line num="151" count="0" type="cond" truecount="0" falsecount="2"/>
        <line num="157" count="0" type="stmt"/>
        <line num="160" count="0" type="stmt"/>
        <line num="180" count="104" type="cond" truecount="1" falsecount="7"/>
        <line num="183" count="0" type="stmt"/>
        <line num="186" count="0" type="stmt"/>
        <line num="189" count="0" type="stmt"/>
        <line num="192" count="0" type="stmt"/>
        <line num="195" count="0" type="stmt"/>
        <line num="198" count="0" type="stmt"/>
        <line num="202" count="104" type="cond" truecount="4" falsecount="0"/>
        <line num="204" count="38" type="stmt"/>
        <line num="205" count="38" type="stmt"/>
        <line num="207" count="66" type="stmt"/>
      </file>
      <file name="events.ts" path="/Users/masayoshiyuuto/neet-quest/src/data/events.ts">
        <metrics statements="27" coveredstatements="27" conditionals="25" coveredconditionals="20" methods="13" coveredmethods="13"/>
        <line num="50" count="7" type="stmt"/>
        <line num="51" count="7" type="stmt"/>
        <line num="55" count="7" type="stmt"/>
        <line num="61" count="971" type="cond" truecount="2" falsecount="0"/>
        <line num="73" count="924" type="stmt"/>
        <line num="86" count="917" type="cond" truecount="1" falsecount="1"/>
        <line num="99" count="926" type="cond" truecount="1" falsecount="1"/>
        <line num="111" count="916" type="stmt"/>
        <line num="124" count="941" type="cond" truecount="2" falsecount="0"/>
        <line num="138" count="930" type="cond" truecount="2" falsecount="0"/>
        <line num="152" count="920" type="cond" truecount="1" falsecount="2"/>
        <line num="167" count="911" type="stmt"/>
        <line num="181" count="915" type="cond" truecount="1" falsecount="1"/>
        <line num="200" count="1008" type="stmt"/>
        <line num="202" count="1008" type="stmt"/>
        <line num="204" count="1008" type="stmt"/>
        <line num="206" count="1008" type="cond" truecount="2" falsecount="0"/>
        <line num="210" count="50" type="stmt"/>
        <line num="212" count="50" type="cond" truecount="2" falsecount="0"/>
        <line num="213" count="12" type="stmt"/>
        <line num="220" count="38" type="stmt"/>
        <line num="227" count="958" type="stmt"/>
        <line num="243" count="21676" type="stmt"/>
        <line num="245" count="1008" type="stmt"/>
        <line num="246" count="9271" type="cond" truecount="4" falsecount="0"/>
        <line num="247" count="175" type="stmt"/>
        <line num="251" count="833" type="stmt"/>
      </file>
      <file name="items.ts" path="/Users/masayoshiyuuto/neet-quest/src/data/items.ts">
        <metrics statements="1" coveredstatements="1" conditionals="0" coveredconditionals="0" methods="0" coveredmethods="0"/>
        <line num="3" count="8" type="stmt"/>
      </file>
      <file name="maps.ts" path="/Users/masayoshiyuuto/neet-quest/src/data/maps.ts">
        <metrics statements="11" coveredstatements="11" conditionals="1" coveredconditionals="1" methods="6" coveredmethods="6"/>
        <line num="8" count="3456" type="stmt"/>
        <line num="11" count="1752" type="stmt"/>
        <line num="12" count="1488" type="stmt"/>
        <line num="13" count="32" type="stmt"/>
        <line num="14" count="96" type="stmt"/>
        <line num="15" count="88" type="stmt"/>
        <line num="17" count="8" type="stmt"/>
        <line num="46" count="8" type="stmt"/>
        <line num="75" count="8" type="stmt"/>
        <line num="104" count="8" type="stmt"/>
        <line num="133" count="8" type="stmt"/>
      </file>
      <file name="partyCombat.ts" path="/Users/masayoshiyuuto/neet-quest/src/data/partyCombat.ts">
        <metrics statements="49" coveredstatements="1" conditionals="37" coveredconditionals="0" methods="8" coveredmethods="0"/>
        <line num="27" count="7" type="stmt"/>
        <line num="32" count="0" type="stmt"/>
        <line num="33" count="0" type="stmt"/>
        <line num="35" count="0" type="stmt"/>
        <line num="36" count="0" type="cond" truecount="0" falsecount="4"/>
        <line num="37" count="0" type="stmt"/>
        <line num="38" count="0" type="stmt"/>
        <line num="42" count="0" type="stmt"/>
        <line num="48" count="0" type="stmt"/>
        <line num="49" count="0" type="stmt"/>
        <line num="51" count="0" type="stmt"/>
        <line num="52" count="0" type="cond" truecount="0" falsecount="4"/>
        <line num="53" count="0" type="stmt"/>
        <line num="54" count="0" type="stmt"/>
        <line num="58" count="0" type="stmt"/>
        <line num="62" count="0" type="stmt"/>
        <line num="75" count="0" type="stmt"/>
        <line num="93" count="0" type="stmt"/>
        <line num="96" count="0" type="stmt"/>
        <line num="97" count="0" type="cond" truecount="0" falsecount="4"/>
        <line num="98" count="0" type="stmt"/>
        <line num="102" count="0" type="stmt"/>
        <line num="103" count="0" type="stmt"/>
        <line num="104" count="0" type="cond" truecount="0" falsecount="5"/>
        <line num="105" count="0" type="stmt"/>
        <line num="110" count="0" type="cond" truecount="0" falsecount="4"/>
        <line num="111" count="0" type="stmt"/>
        <line num="115" count="0" type="stmt"/>
        <line num="122" count="0" type="stmt"/>
        <line num="123" count="0" type="stmt"/>
        <line num="126" count="0" type="cond" truecount="0" falsecount="4"/>
        <line num="127" count="0" type="stmt"/>
        <line num="128" count="0" type="cond" truecount="0" falsecount="2"/>
        <line num="129" count="0" type="stmt"/>
        <line num="134" count="0" type="cond" truecount="0" falsecount="4"/>
        <line num="135" count="0" type="stmt"/>
        <line num="139" count="0" type="stmt"/>
        <line num="154" count="0" type="stmt"/>
        <line num="156" count="0" type="stmt"/>
        <line num="158" count="0" type="cond" truecount="0" falsecount="2"/>
        <line num="160" count="0" type="cond" truecount="0" falsecount="3"/>
        <line num="162" count="0" type="stmt"/>
        <line num="163" count="0" type="stmt"/>
        <line num="165" count="0" type="stmt"/>
        <line num="166" count="0" type="stmt"/>
        <line num="169" count="0" type="stmt"/>
        <line num="170" count="0" type="stmt"/>
        <line num="171" count="0" type="stmt"/>
        <line num="176" count="0" type="stmt"/>
      </file>
      <file name="quests.ts" path="/Users/masayoshiyuuto/neet-quest/src/data/quests.ts">
        <metrics statements="1" coveredstatements="1" conditionals="0" coveredconditionals="0" methods="0" coveredmethods="0"/>
        <line num="3" count="8" type="stmt"/>
      </file>
      <file name="shops.ts" path="/Users/masayoshiyuuto/neet-quest/src/data/shops.ts">
        <metrics statements="1" coveredstatements="1" conditionals="0" coveredconditionals="0" methods="0" coveredmethods="0"/>
        <line num="10" count="7" type="stmt"/>
      </file>
      <file name="skills.ts" path="/Users/masayoshiyuuto/neet-quest/src/data/skills.ts">
        <metrics statements="1" coveredstatements="1" conditionals="0" coveredconditionals="0" methods="0" coveredmethods="0"/>
        <line num="3" count="8" type="stmt"/>
      </file>
    </package>
    <package name="screens">
      <metrics statements="47" coveredstatements="29" conditionals="38" coveredconditionals="22" methods="26" coveredmethods="14"/>
      <file name="AchievementsScreen.tsx" path="/Users/masayoshiyuuto/neet-quest/src/screens/AchievementsScreen.tsx">
        <metrics statements="17" coveredstatements="15" conditionals="26" coveredconditionals="15" methods="6" coveredmethods="5"/>
        <line num="7" count="90" type="cond" truecount="7" falsecount="1"/>
        <line num="9" count="18" type="stmt"/>
        <line num="11" count="18" type="stmt"/>
        <line num="13" count="12" type="stmt"/>
        <line num="15" count="12" type="stmt"/>
        <line num="17" count="12" type="stmt"/>
        <line num="19" count="12" type="stmt"/>
        <line num="21" count="6" type="stmt"/>
        <line num="23" count="0" type="stmt"/>
        <line num="28" count="6" type="stmt"/>
        <line num="29" count="18" type="stmt"/>
        <line num="30" count="18" type="stmt"/>
        <line num="32" count="6" type="stmt"/>
        <line num="34" count="6" type="stmt"/>
        <line num="44" count="0" type="cond" truecount="0" falsecount="2"/>
        <line num="53" count="90" type="stmt"/>
        <line num="54" count="90" type="stmt"/>
      </file>
      <file name="SettingsScreen.tsx" path="/Users/masayoshiyuuto/neet-quest/src/screens/SettingsScreen.tsx">
        <metrics statements="11" coveredstatements="6" conditionals="8" coveredconditionals="6" methods="10" coveredmethods="5"/>
        <line num="5" count="8" type="stmt"/>
        <line num="6" count="24" type="stmt"/>
        <line num="7" count="24" type="stmt"/>
        <line num="8" count="24" type="stmt"/>
        <line num="10" count="8" type="stmt"/>
        <line num="16" count="0" type="cond" truecount="0" falsecount="2"/>
        <line num="44" count="0" type="stmt"/>
        <line num="69" count="0" type="stmt"/>
        <line num="82" count="24" type="stmt"/>
        <line num="85" count="0" type="stmt"/>
        <line num="113" count="0" type="stmt"/>
      </file>
      <file name="TitleScreen.tsx" path="/Users/masayoshiyuuto/neet-quest/src/screens/TitleScreen.tsx">
        <metrics statements="19" coveredstatements="8" conditionals="4" coveredconditionals="1" methods="10" coveredmethods="4"/>
        <line num="5" count="6" type="stmt"/>
        <line num="6" count="18" type="stmt"/>
        <line num="7" count="18" type="stmt"/>
        <line num="8" count="18" type="stmt"/>
        <line num="10" count="6" type="stmt"/>
        <line num="11" count="0" type="stmt"/>
        <line num="12" count="0" type="stmt"/>
        <line num="15" count="6" type="stmt"/>
        <line num="16" count="0" type="stmt"/>
        <line num="17" count="0" type="stmt"/>
        <line num="19" count="0" type="stmt"/>
        <line num="20" count="0" type="cond" truecount="0" falsecount="2"/>
        <line num="21" count="0" type="stmt"/>
        <line num="22" count="0" type="stmt"/>
        <line num="26" count="6" type="stmt"/>
        <line num="28" count="6" type="stmt"/>
        <line num="51" count="0" type="stmt"/>
        <line num="57" count="0" type="stmt"/>
        <line num="63" count="0" type="stmt"/>
      </file>
    </package>
    <package name="store">
      <metrics statements="526" coveredstatements="272" conditionals="384" coveredconditionals="147" methods="131" coveredmethods="77"/>
      <file name="gameStore.ts" path="/Users/masayoshiyuuto/neet-quest/src/store/gameStore.ts">
        <metrics statements="526" coveredstatements="272" conditionals="384" coveredconditionals="147" methods="131" coveredmethods="77"/>
        <line num="173" count="341" type="stmt"/>
        <line num="193" count="7" type="stmt"/>
        <line num="194" count="7" type="stmt"/>
        <line num="195" count="7" type="cond" truecount="1" falsecount="1"/>
        <line num="199" count="7" type="stmt"/>
        <line num="208" count="341" type="stmt"/>
        <line num="209" count="341" type="stmt"/>
        <line num="210" count="7843" type="stmt"/>
        <line num="212" count="341" type="stmt"/>
        <line num="216" count="341" type="stmt"/>
        <line num="217" count="341" type="stmt"/>
        <line num="218" count="682" type="stmt"/>
        <line num="219" count="682" type="stmt"/>
        <line num="220" count="3069" type="stmt"/>
        <line num="223" count="341" type="stmt"/>
        <line num="227" count="23" type="stmt"/>
        <line num="231" count="190" type="stmt"/>
        <line num="232" count="190" type="stmt"/>
        <line num="233" count="190" type="stmt"/>
        <line num="236" count="7" type="stmt"/>
        <line num="272" count="334" type="stmt"/>
        <line num="273" count="334" type="stmt"/>
        <line num="310" count="16" type="stmt"/>
        <line num="312" count="16" type="stmt"/>
        <line num="313" count="16" type="stmt"/>
        <line num="314" count="16" type="stmt"/>
        <line num="315" count="23" type="stmt"/>
        <line num="316" count="23" type="stmt"/>
        <line num="317" count="23" type="stmt"/>
        <line num="318" count="23" type="stmt"/>
        <line num="319" count="23" type="stmt"/>
        <line num="320" count="23" type="stmt"/>
        <line num="321" count="23" type="stmt"/>
        <line num="322" count="23" type="stmt"/>
        <line num="324" count="16" type="stmt"/>
        <line num="340" count="16" type="stmt"/>
        <line num="344" count="9" type="stmt"/>
        <line num="352" count="104" type="stmt"/>
        <line num="360" count="2" type="stmt"/>
        <line num="368" count="1578" type="stmt"/>
        <line num="369" count="35368" type="stmt"/>
        <line num="370" count="1578" type="cond" truecount="2" falsecount="0"/>
        <line num="373" count="1578" type="cond" truecount="2" falsecount="0"/>
        <line num="374" count="1438" type="stmt"/>
        <line num="376" count="59090" type="cond" truecount="2" falsecount="0"/>
        <line num="381" count="140" type="stmt"/>
        <line num="388" count="1609" type="stmt"/>
        <line num="389" count="1609" type="stmt"/>
        <line num="392" count="61003" type="cond" truecount="2" falsecount="0"/>
        <line num="394" count="61003" type="stmt"/>
        <line num="399" count="108" type="stmt"/>
        <line num="400" count="108" type="cond" truecount="4" falsecount="0"/>
        <line num="401" count="107" type="stmt"/>
        <line num="402" count="124" type="stmt"/>
        <line num="403" count="107" type="cond" truecount="4" falsecount="0"/>
        <line num="405" count="106" type="cond" truecount="3" falsecount="1"/>
        <line num="407" count="102" type="stmt"/>
        <line num="408" count="102" type="stmt"/>
        <line num="410" count="2" type="stmt"/>
        <line num="411" count="2" type="stmt"/>
        <line num="413" count="2" type="stmt"/>
        <line num="416" count="2" type="stmt"/>
        <line num="418" count="0" type="stmt"/>
        <line num="424" count="0" type="stmt"/>
        <line num="426" count="106" type="stmt"/>
        <line num="430" count="14" type="stmt"/>
        <line num="431" count="14" type="cond" truecount="5" falsecount="0"/>
        <line num="432" count="13" type="stmt"/>
        <line num="433" count="13" type="stmt"/>
        <line num="434" count="13" type="stmt"/>
        <line num="436" count="13" type="cond" truecount="2" falsecount="0"/>
        <line num="437" count="5" type="cond" truecount="2" falsecount="0"/>
        <line num="438" count="5" type="cond" truecount="2" falsecount="0"/>
        <line num="439" count="5" type="cond" truecount="2" falsecount="0"/>
        <line num="441" count="13" type="cond" truecount="1" falsecount="1"/>
        <line num="442" count="13" type="cond" truecount="2" falsecount="0"/>
        <line num="443" count="13" type="cond" truecount="2" falsecount="0"/>
        <line num="444" count="13" type="cond" truecount="2" falsecount="0"/>
        <line num="447" count="13" type="stmt"/>
        <line num="448" count="49" type="cond" truecount="2" falsecount="0"/>
        <line num="449" count="49" type="stmt"/>
        <line num="450" count="13" type="cond" truecount="2" falsecount="0"/>
        <line num="454" count="13" type="stmt"/>
        <line num="467" count="13" type="stmt"/>
        <line num="470" count="1011" type="stmt"/>
        <line num="471" count="1011" type="stmt"/>
        <line num="472" count="1011" type="cond" truecount="1" falsecount="1"/>
        <line num="473" count="1011" type="stmt"/>
        <line num="474" count="1011" type="stmt"/>
        <line num="475" count="1011" type="stmt"/>
        <line num="476" count="1011" type="cond" truecount="4" falsecount="0"/>
        <line num="478" count="255" type="stmt"/>
        <line num="479" count="255" type="stmt"/>
        <line num="481" count="250" type="stmt"/>
        <line num="482" count="250" type="stmt"/>
        <line num="484" count="256" type="stmt"/>
        <line num="485" count="256" type="stmt"/>
        <line num="487" count="250" type="stmt"/>
        <line num="488" count="250" type="stmt"/>
        <line num="490" count="1011" type="cond" truecount="5" falsecount="1"/>
        <line num="491" count="1011" type="stmt"/>
        <line num="492" count="1011" type="cond" truecount="2" falsecount="0"/>
        <line num="495" count="1008" type="cond" truecount="1" falsecount="1"/>
        <line num="501" count="0" type="stmt"/>
        <line num="502" count="0" type="stmt"/>
        <line num="503" count="0" type="stmt"/>
        <line num="504" count="0" type="stmt"/>
        <line num="508" count="1008" type="stmt"/>
        <line num="511" count="1008" type="stmt"/>
        <line num="519" count="1008" type="stmt"/>
        <line num="520" count="1008" type="cond" truecount="2" falsecount="0"/>
        <line num="521" count="175" type="stmt"/>
        <line num="524" count="1008" type="stmt"/>
        <line num="528" count="0" type="stmt"/>
        <line num="529" count="0" type="stmt"/>
        <line num="530" count="0" type="stmt"/>
        <line num="535" count="0" type="cond" truecount="0" falsecount="2"/>
        <line num="536" count="0" type="stmt"/>
        <line num="538" count="0" type="stmt"/>
        <line num="542" count="0" type="stmt"/>
        <line num="543" count="0" type="stmt"/>
        <line num="544" count="0" type="cond" truecount="0" falsecount="2"/>
        <line num="547" count="0" type="stmt"/>
        <line num="548" count="0" type="stmt"/>
        <line num="554" count="0" type="stmt"/>
        <line num="555" count="0" type="stmt"/>
        <line num="556" count="0" type="stmt"/>
        <line num="557" count="0" type="cond" truecount="0" falsecount="6"/>
        <line num="558" count="0" type="stmt"/>
        <line num="560" count="0" type="cond" truecount="0" falsecount="4"/>
        <line num="561" count="0" type="stmt"/>
        <line num="562" count="0" type="stmt"/>
        <line num="564" count="0" type="cond" truecount="0" falsecount="4"/>
        <line num="565" count="0" type="stmt"/>
        <line num="566" count="0" type="stmt"/>
        <line num="567" count="0" type="cond" truecount="0" falsecount="2"/>
        <line num="569" count="0" type="stmt"/>
        <line num="570" count="0" type="stmt"/>
        <line num="571" count="0" type="stmt"/>
        <line num="572" count="0" type="stmt"/>
        <line num="573" count="0" type="cond" truecount="0" falsecount="4"/>
        <line num="575" count="0" type="cond" truecount="0" falsecount="4"/>
        <line num="576" count="0" type="cond" truecount="0" falsecount="2"/>
        <line num="581" count="0" type="cond" truecount="0" falsecount="2"/>
        <line num="583" count="0" type="cond" truecount="0" falsecount="2"/>
        <line num="588" count="0" type="stmt"/>
        <line num="592" count="0" type="stmt"/>
        <line num="593" count="0" type="stmt"/>
        <line num="595" count="0" type="stmt"/>
        <line num="597" count="0" type="cond" truecount="0" falsecount="4"/>
        <line num="598" count="0" type="stmt"/>
        <line num="599" count="0" type="stmt"/>
        <line num="603" count="0" type="stmt"/>
        <line num="604" count="0" type="cond" truecount="0" falsecount="4"/>
        <line num="605" count="0" type="stmt"/>
        <line num="606" count="0" type="stmt"/>
        <line num="607" count="0" type="cond" truecount="0" falsecount="2"/>
        <line num="608" count="0" type="stmt"/>
        <line num="609" count="0" type="stmt"/>
        <line num="610" count="0" type="stmt"/>
        <line num="611" count="0" type="stmt"/>
        <line num="612" count="0" type="cond" truecount="0" falsecount="4"/>
        <line num="613" count="0" type="cond" truecount="0" falsecount="4"/>
        <line num="614" count="0" type="cond" truecount="0" falsecount="2"/>
        <line num="619" count="0" type="stmt"/>
        <line num="623" count="0" type="stmt"/>
        <line num="624" count="0" type="stmt"/>
        <line num="630" count="19" type="stmt"/>
        <line num="631" count="19" type="cond" truecount="2" falsecount="0"/>
        <line num="632" count="15" type="stmt"/>
        <line num="633" count="15" type="cond" truecount="2" falsecount="0"/>
        <line num="634" count="14" type="cond" truecount="2" falsecount="0"/>
        <line num="638" count="3" type="stmt"/>
        <line num="639" count="11" type="stmt"/>
        <line num="643" count="2" type="stmt"/>
        <line num="644" count="2" type="stmt"/>
        <line num="645" count="2" type="stmt"/>
        <line num="646" count="2" type="stmt"/>
        <line num="648" count="2" type="stmt"/>
        <line num="649" count="2" type="stmt"/>
        <line num="650" count="2" type="cond" truecount="1" falsecount="1"/>
        <line num="651" count="2" type="stmt"/>
        <line num="652" count="4" type="cond" truecount="1" falsecount="1"/>
        <line num="657" count="0" type="stmt"/>
        <line num="658" count="0" type="stmt"/>
        <line num="664" count="4" type="stmt"/>
        <line num="666" count="2" type="cond" truecount="1" falsecount="1"/>
        <line num="667" count="0" type="stmt"/>
        <line num="671" count="2" type="cond" truecount="1" falsecount="1"/>
        <line num="672" count="0" type="stmt"/>
        <line num="675" count="2" type="stmt"/>
        <line num="679" count="8" type="stmt"/>
        <line num="680" count="8" type="cond" truecount="1" falsecount="1"/>
        <line num="681" count="8" type="stmt"/>
        <line num="682" count="8" type="stmt"/>
        <line num="683" count="8" type="stmt"/>
        <line num="684" count="8" type="stmt"/>
        <line num="685" count="8" type="stmt"/>
        <line num="686" count="8" type="stmt"/>
        <line num="688" count="8" type="stmt"/>
        <line num="690" count="9" type="stmt"/>
        <line num="692" count="8" type="stmt"/>
        <line num="694" count="8" type="stmt"/>
        <line num="695" count="88" type="cond" truecount="2" falsecount="0"/>
        <line num="699" count="8" type="stmt"/>
        <line num="702" count="8" type="stmt"/>
        <line num="706" count="233" type="stmt"/>
        <line num="707" count="335" type="stmt"/>
        <line num="712" count="233" type="stmt"/>
        <line num="718" count="335" type="stmt"/>
        <line num="724" count="104" type="stmt"/>
        <line num="725" count="104" type="cond" truecount="1" falsecount="1"/>
        <line num="726" count="104" type="stmt"/>
        <line num="727" count="104" type="stmt"/>
        <line num="728" count="104" type="stmt"/>
        <line num="729" count="104" type="stmt"/>
        <line num="730" count="104" type="stmt"/>
        <line num="732" count="104" type="stmt"/>
        <line num="737" count="104" type="cond" truecount="2" falsecount="0"/>
        <line num="738" count="1" type="stmt"/>
        <line num="739" count="1" type="stmt"/>
        <line num="742" count="104" type="stmt"/>
        <line num="743" count="104" type="cond" truecount="2" falsecount="0"/>
        <line num="744" count="1" type="stmt"/>
        <line num="745" count="1" type="stmt"/>
        <line num="746" count="1" type="stmt"/>
        <line num="747" count="1" type="stmt"/>
        <line num="748" count="1" type="stmt"/>
        <line num="749" count="0" type="cond" truecount="0" falsecount="2"/>
        <line num="750" count="0" type="stmt"/>
        <line num="751" count="0" type="stmt"/>
        <line num="752" count="0" type="stmt"/>
        <line num="753" count="0" type="stmt"/>
        <line num="756" count="0" type="stmt"/>
        <line num="757" count="0" type="stmt"/>
        <line num="758" count="0" type="cond" truecount="0" falsecount="2"/>
        <line num="759" count="0" type="stmt"/>
        <line num="760" count="0" type="stmt"/>
        <line num="761" count="0" type="cond" truecount="0" falsecount="2"/>
        <line num="762" count="0" type="stmt"/>
        <line num="774" count="0" type="stmt"/>
        <line num="776" count="1" type="stmt"/>
        <line num="782" count="103" type="stmt"/>
        <line num="783" count="0" type="cond" truecount="0" falsecount="2"/>
        <line num="785" count="103" type="stmt"/>
        <line num="791" count="3" type="stmt"/>
        <line num="792" count="3" type="cond" truecount="1" falsecount="1"/>
        <line num="793" count="4" type="stmt"/>
        <line num="794" count="3" type="cond" truecount="4" falsecount="0"/>
        <line num="796" count="2" type="stmt"/>
        <line num="797" count="2" type="stmt"/>
        <line num="798" count="2" type="stmt"/>
        <line num="800" count="2" type="cond" truecount="2" falsecount="0"/>
        <line num="801" count="1" type="stmt"/>
        <line num="802" count="1" type="stmt"/>
        <line num="803" count="1" type="stmt"/>
        <line num="806" count="1" type="cond" truecount="1" falsecount="1"/>
        <line num="807" count="1" type="cond" truecount="1" falsecount="1"/>
        <line num="808" count="0" type="stmt"/>
        <line num="809" count="0" type="stmt"/>
        <line num="810" count="0" type="cond" truecount="0" falsecount="2"/>
        <line num="811" count="0" type="stmt"/>
        <line num="815" count="0" type="stmt"/>
        <line num="819" count="0" type="stmt"/>
        <line num="820" count="0" type="cond" truecount="0" falsecount="2"/>
        <line num="821" count="0" type="stmt"/>
        <line num="822" count="0" type="stmt"/>
        <line num="828" count="0" type="stmt"/>
        <line num="834" count="1" type="stmt"/>
        <line num="835" count="1" type="stmt"/>
        <line num="839" count="1" type="stmt"/>
        <line num="840" count="1" type="stmt"/>
        <line num="841" count="1" type="stmt"/>
        <line num="844" count="1" type="cond" truecount="1" falsecount="1"/>
        <line num="845" count="1" type="stmt"/>
        <line num="846" count="1" type="stmt"/>
        <line num="851" count="2" type="stmt"/>
        <line num="852" count="2" type="cond" truecount="2" falsecount="0"/>
        <line num="853" count="1" type="stmt"/>
        <line num="854" count="1" type="stmt"/>
        <line num="855" count="1" type="stmt"/>
        <line num="856" count="1" type="stmt"/>
        <line num="857" count="0" type="stmt"/>
        <line num="858" count="0" type="cond" truecount="0" falsecount="2"/>
        <line num="859" count="0" type="stmt"/>
        <line num="860" count="0" type="stmt"/>
        <line num="861" count="0" type="stmt"/>
        <line num="864" count="0" type="stmt"/>
        <line num="865" count="0" type="stmt"/>
        <line num="866" count="0" type="cond" truecount="0" falsecount="2"/>
        <line num="867" count="0" type="stmt"/>
        <line num="868" count="0" type="stmt"/>
        <line num="869" count="0" type="cond" truecount="0" falsecount="2"/>
        <line num="870" count="0" type="stmt"/>
        <line num="885" count="0" type="stmt"/>
        <line num="887" count="1" type="stmt"/>
        <line num="893" count="1" type="stmt"/>
        <line num="894" count="0" type="cond" truecount="0" falsecount="2"/>
        <line num="896" count="1" type="stmt"/>
        <line num="903" count="0" type="stmt"/>
        <line num="904" count="0" type="cond" truecount="0" falsecount="2"/>
        <line num="905" count="0" type="stmt"/>
        <line num="906" count="0" type="stmt"/>
        <line num="907" count="0" type="cond" truecount="0" falsecount="2"/>
        <line num="908" count="0" type="stmt"/>
        <line num="917" count="0" type="stmt"/>
        <line num="918" count="0" type="cond" truecount="0" falsecount="2"/>
        <line num="924" count="102" type="stmt"/>
        <line num="925" count="102" type="cond" truecount="2" falsecount="0"/>
        <line num="926" count="61" type="stmt"/>
        <line num="935" count="61" type="stmt"/>
        <line num="937" count="41" type="stmt"/>
        <line num="946" count="41" type="stmt"/>
        <line num="947" count="0" type="cond" truecount="0" falsecount="2"/>
        <line num="949" count="41" type="stmt"/>
        <line num="953" count="0" type="stmt"/>
        <line num="954" count="0" type="cond" truecount="0" falsecount="4"/>
        <line num="956" count="0" type="cond" truecount="0" falsecount="2"/>
        <line num="957" count="0" type="stmt"/>
        <line num="960" count="0" type="stmt"/>
        <line num="963" count="0" type="stmt"/>
        <line num="968" count="0" type="stmt"/>
        <line num="969" count="0" type="stmt"/>
        <line num="970" count="0" type="stmt"/>
        <line num="971" count="0" type="stmt"/>
        <line num="973" count="0" type="stmt"/>
        <line num="974" count="0" type="cond" truecount="0" falsecount="4"/>
        <line num="975" count="0" type="stmt"/>
        <line num="976" count="0" type="cond" truecount="0" falsecount="2"/>
        <line num="977" count="0" type="stmt"/>
        <line num="978" count="0" type="cond" truecount="0" falsecount="4"/>
        <line num="980" count="0" type="cond" truecount="0" falsecount="2"/>
        <line num="981" count="0" type="cond" truecount="0" falsecount="4"/>
        <line num="982" count="0" type="stmt"/>
        <line num="983" count="0" type="stmt"/>
        <line num="984" count="0" type="stmt"/>
        <line num="985" count="0" type="cond" truecount="0" falsecount="2"/>
        <line num="987" count="0" type="stmt"/>
        <line num="990" count="0" type="stmt"/>
        <line num="992" count="0" type="cond" truecount="0" falsecount="2"/>
        <line num="994" count="0" type="cond" truecount="0" falsecount="2"/>
        <line num="995" count="0" type="stmt"/>
        <line num="996" count="0" type="stmt"/>
        <line num="997" count="0" type="cond" truecount="0" falsecount="2"/>
        <line num="998" count="0" type="stmt"/>
        <line num="1002" count="0" type="cond" truecount="0" falsecount="2"/>
        <line num="1003" count="0" type="cond" truecount="0" falsecount="5"/>
        <line num="1004" count="0" type="stmt"/>
        <line num="1005" count="0" type="stmt"/>
        <line num="1006" count="0" type="stmt"/>
        <line num="1007" count="0" type="cond" truecount="0" falsecount="2"/>
        <line num="1008" count="0" type="stmt"/>
        <line num="1009" count="0" type="stmt"/>
        <line num="1015" count="0" type="cond" truecount="0" falsecount="2"/>
        <line num="1016" count="0" type="stmt"/>
        <line num="1017" count="0" type="cond" truecount="0" falsecount="5"/>
        <line num="1018" count="0" type="stmt"/>
        <line num="1019" count="0" type="stmt"/>
        <line num="1020" count="0" type="stmt"/>
        <line num="1021" count="0" type="cond" truecount="0" falsecount="2"/>
        <line num="1022" count="0" type="stmt"/>
        <line num="1023" count="0" type="stmt"/>
        <line num="1029" count="0" type="stmt"/>
        <line num="1030" count="0" type="cond" truecount="0" falsecount="2"/>
        <line num="1031" count="0" type="stmt"/>
        <line num="1032" count="0" type="stmt"/>
        <line num="1033" count="0" type="stmt"/>
        <line num="1034" count="0" type="stmt"/>
        <line num="1035" count="0" type="stmt"/>
        <line num="1036" count="0" type="cond" truecount="0" falsecount="2"/>
        <line num="1037" count="0" type="stmt"/>
        <line num="1038" count="0" type="stmt"/>
        <line num="1039" count="0" type="stmt"/>
        <line num="1040" count="0" type="stmt"/>
        <line num="1041" count="0" type="stmt"/>
        <line num="1042" count="0" type="stmt"/>
        <line num="1043" count="0" type="cond" truecount="0" falsecount="2"/>
        <line num="1044" count="0" type="stmt"/>
        <line num="1048" count="0" type="stmt"/>
        <line num="1050" count="0" type="stmt"/>
        <line num="1055" count="0" type="stmt"/>
        <line num="1058" count="0" type="stmt"/>
        <line num="1065" count="0" type="cond" truecount="0" falsecount="2"/>
        <line num="1069" count="104" type="stmt"/>
        <line num="1070" count="104" type="cond" truecount="1" falsecount="1"/>
        <line num="1071" count="104" type="stmt"/>
        <line num="1072" count="104" type="stmt"/>
        <line num="1073" count="104" type="stmt"/>
        <line num="1074" count="104" type="stmt"/>
        <line num="1076" count="104" type="stmt"/>
        <line num="1077" count="105" type="stmt"/>
        <line num="1078" count="105" type="cond" truecount="2" falsecount="0"/>
        <line num="1080" count="104" type="stmt"/>
        <line num="1081" count="104" type="stmt"/>
        <line num="1087" count="104" type="cond" truecount="4" falsecount="0"/>
        <line num="1088" count="68" type="stmt"/>
        <line num="1089" count="38" type="cond" truecount="1" falsecount="1"/>
        <line num="1090" count="38" type="cond" truecount="2" falsecount="0"/>
        <line num="1091" count="19" type="stmt"/>
        <line num="1092" count="19" type="stmt"/>
        <line num="1093" count="19" type="stmt"/>
        <line num="1094" count="19" type="cond" truecount="2" falsecount="0"/>
        <line num="1095" count="8" type="stmt"/>
        <line num="1096" count="8" type="stmt"/>
        <line num="1097" count="11" type="cond" truecount="1" falsecount="1"/>
        <line num="1098" count="11" type="stmt"/>
        <line num="1099" count="11" type="stmt"/>
        <line num="1100" count="0" type="cond" truecount="0" falsecount="2"/>
        <line num="1101" count="0" type="stmt"/>
        <line num="1102" count="0" type="stmt"/>
        <line num="1103" count="0" type="stmt"/>
        <line num="1107" count="0" type="stmt"/>
        <line num="1108" count="0" type="stmt"/>
        <line num="1109" count="0" type="stmt"/>
        <line num="1112" count="66" type="stmt"/>
        <line num="1113" count="66" type="stmt"/>
        <line num="1114" count="66" type="stmt"/>
        <line num="1118" count="105" type="cond" truecount="2" falsecount="0"/>
        <line num="1119" count="15" type="stmt"/>
        <line num="1120" count="15" type="stmt"/>
        <line num="1126" count="89" type="stmt"/>
        <line num="1132" count="101" type="stmt"/>
        <line num="1135" count="0" type="stmt"/>
        <line num="1136" count="0" type="cond" truecount="0" falsecount="2"/>
        <line num="1137" count="0" type="stmt"/>
        <line num="1138" count="0" type="cond" truecount="0" falsecount="4"/>
        <line num="1139" count="0" type="stmt"/>
        <line num="1140" count="0" type="stmt"/>
        <line num="1144" count="0" type="stmt"/>
        <line num="1145" count="0" type="cond" truecount="0" falsecount="4"/>
        <line num="1146" count="0" type="stmt"/>
        <line num="1147" count="0" type="cond" truecount="0" falsecount="2"/>
        <line num="1148" count="0" type="stmt"/>
        <line num="1149" count="0" type="cond" truecount="0" falsecount="2"/>
        <line num="1151" count="0" type="cond" truecount="0" falsecount="4"/>
        <line num="1152" count="0" type="stmt"/>
        <line num="1153" count="0" type="cond" truecount="0" falsecount="2"/>
        <line num="1154" count="0" type="stmt"/>
        <line num="1155" count="0" type="stmt"/>
        <line num="1157" count="0" type="cond" truecount="0" falsecount="2"/>
        <line num="1158" count="0" type="stmt"/>
        <line num="1162" count="0" type="stmt"/>
        <line num="1165" count="0" type="stmt"/>
        <line num="1168" count="111" type="stmt"/>
        <line num="1169" count="111" type="stmt"/>
        <line num="1192" count="111" type="stmt"/>
        <line num="1196" count="107" type="stmt"/>
        <line num="1197" count="107" type="cond" truecount="2" falsecount="0"/>
        <line num="1198" count="105" type="stmt"/>
        <line num="1199" count="105" type="stmt"/>
        <line num="1226" count="107" type="stmt"/>
        <line num="1230" count="8" type="stmt"/>
        <line num="1231" count="24" type="stmt"/>
        <line num="1232" count="24" type="cond" truecount="2" falsecount="0"/>
        <line num="1237" count="14" type="stmt"/>
        <line num="1240" count="8" type="stmt"/>
        <line num="1244" count="24" type="stmt"/>
        <line num="1245" count="24" type="stmt"/>
        <line num="1246" count="24" type="stmt"/>
        <line num="1247" count="360" type="cond" truecount="2" falsecount="0"/>
        <line num="1248" count="353" type="stmt"/>
        <line num="1249" count="353" type="cond" truecount="7" falsecount="0"/>
        <line num="1251" count="69" type="stmt"/>
        <line num="1252" count="69" type="stmt"/>
        <line num="1254" count="72" type="stmt"/>
        <line num="1255" count="72" type="stmt"/>
        <line num="1257" count="48" type="stmt"/>
        <line num="1258" count="48" type="stmt"/>
        <line num="1260" count="44" type="stmt"/>
        <line num="1261" count="44" type="stmt"/>
        <line num="1263" count="48" type="stmt"/>
        <line num="1264" count="48" type="stmt"/>
        <line num="1266" count="48" type="stmt"/>
        <line num="1267" count="48" type="stmt"/>
        <line num="1269" count="24" type="stmt"/>
        <line num="1270" count="24" type="stmt"/>
        <line num="1272" count="353" type="cond" truecount="2" falsecount="0"/>
        <line num="1274" count="24" type="cond" truecount="2" falsecount="0"/>
        <line num="1275" count="13" type="stmt"/>
        <line num="1282" count="0" type="stmt"/>
        <line num="1286" count="0" type="stmt"/>
        <line num="1287" count="0" type="stmt"/>
        <line num="1288" count="0" type="stmt"/>
        <line num="1292" count="0" type="stmt"/>
        <line num="1293" count="0" type="stmt"/>
        <line num="1296" count="0" type="stmt"/>
        <line num="1297" count="0" type="stmt"/>
        <line num="1298" count="0" type="cond" truecount="0" falsecount="4"/>
        <line num="1299" count="0" type="cond" truecount="0" falsecount="2"/>
        <line num="1300" count="0" type="stmt"/>
        <line num="1301" count="0" type="stmt"/>
        <line num="1302" count="0" type="cond" truecount="0" falsecount="2"/>
        <line num="1303" count="0" type="stmt"/>
        <line num="1304" count="0" type="cond" truecount="0" falsecount="2"/>
        <line num="1305" count="0" type="cond" truecount="0" falsecount="2"/>
        <line num="1306" count="0" type="cond" truecount="0" falsecount="2"/>
        <line num="1307" count="0" type="cond" truecount="0" falsecount="2"/>
        <line num="1308" count="0" type="stmt"/>
        <line num="1319" count="0" type="stmt"/>
        <line num="1320" count="0" type="stmt"/>
        <line num="1321" count="0" type="stmt"/>
        <line num="1325" count="0" type="stmt"/>
        <line num="1326" count="0" type="stmt"/>
        <line num="1327" count="0" type="cond" truecount="0" falsecount="4"/>
        <line num="1328" count="0" type="stmt"/>
        <line num="1329" count="0" type="cond" truecount="0" falsecount="4"/>
        <line num="1330" count="0" type="stmt"/>
        <line num="1331" count="0" type="stmt"/>
        <line num="1332" count="0" type="stmt"/>
        <line num="1337" count="0" type="stmt"/>
        <line num="1338" count="0" type="stmt"/>
        <line num="1339" count="0" type="cond" truecount="0" falsecount="2"/>
        <line num="1340" count="0" type="stmt"/>
        <line num="1341" count="0" type="stmt"/>
        <line num="1342" count="0" type="stmt"/>
        <line num="1344" count="0" type="stmt"/>
        <line num="1347" count="0" type="stmt"/>
        <line num="1348" count="0" type="stmt"/>
        <line num="1349" count="0" type="stmt"/>
        <line num="1350" count="0" type="stmt"/>
        <line num="1354" count="0" type="stmt"/>
        <line num="1358" count="0" type="stmt"/>
        <line num="1359" count="0" type="stmt"/>
        <line num="1367" count="0" type="stmt"/>
        <line num="1370" count="0" type="stmt"/>
        <line num="1372" count="0" type="stmt"/>
      </file>
    </package>
  </project>
</coverage>
