{
  "/Users/masayoshiyuuto/neet-quest/src/data/achievements.ts": {
    "path": "/Users/masayoshiyuuto/neet-quest/src/data/achievements.ts",
    "statementMap": {
      "0": {
        "start": { "line": 3, "column": 57 },
        "end": { "line": 109, "column": null }
      }
    },
    "fnMap": {},
    "branchMap": {},
    "s": { "0": 7 },
    "f": {},
    "b": {},
    "meta": {
      "lastBranch": 0,
      "lastFunction": 0,
      "lastStatement": 1,
      "seen": { "s:3:57:109:Infinity": 0 }
    }
  },
  "/Users/masayoshiyuuto/neet-quest/src/data/endings.ts": {
    "path": "/Users/masayoshiyuuto/neet-quest/src/data/endings.ts",
    "statementMap": {
      "0": {
        "start": { "line": 28, "column": 20 },
        "end": { "line": 28, "column": null }
      },
      "1": {
        "start": { "line": 34, "column": 2 },
        "end": { "line": 34, "column": null }
      },
      "2": {
        "start": { "line": 34, "column": 31 },
        "end": { "line": 34, "column": 52 }
      },
      "3": {
        "start": { "line": 37, "column": 33 },
        "end": { "line": 141, "column": null }
      },
      "4": {
        "start": { "line": 47, "column": 6 },
        "end": { "line": 50, "column": null }
      },
      "5": {
        "start": { "line": 71, "column": 6 },
        "end": { "line": 76, "column": null }
      },
      "6": {
        "start": { "line": 95, "column": 6 },
        "end": { "line": 96, "column": null }
      },
      "7": {
        "start": { "line": 114, "column": 6 },
        "end": { "line": 115, "column": null }
      },
      "8": {
        "start": { "line": 133, "column": 21 },
        "end": { "line": 133, "column": null }
      },
      "9": {
        "start": { "line": 151, "column": 17 },
        "end": { "line": 151, "column": null }
      },
      "10": {
        "start": { "line": 151, "column": 45 },
        "end": { "line": 151, "column": 60 }
      },
      "11": {
        "start": { "line": 153, "column": 2 },
        "end": { "line": 157, "column": null }
      },
      "12": {
        "start": { "line": 154, "column": 4 },
        "end": { "line": 156, "column": null }
      },
      "13": {
        "start": { "line": 155, "column": 6 },
        "end": { "line": 155, "column": null }
      },
      "14": {
        "start": { "line": 161, "column": 2 },
        "end": { "line": 161, "column": null }
      },
      "15": {
        "start": { "line": 173, "column": 44 },
        "end": { "line": 180, "column": null }
      },
      "16": {
        "start": { "line": 186, "column": 2 },
        "end": { "line": 190, "column": null }
      },
      "17": {
        "start": { "line": 187, "column": 4 },
        "end": { "line": 189, "column": null }
      },
      "18": {
        "start": { "line": 188, "column": 6 },
        "end": { "line": 188, "column": null }
      },
      "19": {
        "start": { "line": 191, "column": 2 },
        "end": { "line": 191, "column": null }
      }
    },
    "fnMap": {
      "0": {
        "name": "hasCompletedQuests",
        "decl": {
          "start": { "line": 30, "column": 9 },
          "end": { "line": 30, "column": null }
        },
        "loc": {
          "start": { "line": 33, "column": 11 },
          "end": { "line": 35, "column": null }
        },
        "line": 33
      },
      "1": {
        "name": "(anonymous_1)",
        "decl": {
          "start": { "line": 34, "column": 24 },
          "end": { "line": 34, "column": 25 }
        },
        "loc": {
          "start": { "line": 34, "column": 31 },
          "end": { "line": 34, "column": 52 }
        },
        "line": 34
      },
      "2": {
        "name": "(anonymous_2)",
        "decl": {
          "start": { "line": 46, "column": 15 },
          "end": { "line": 46, "column": 16 }
        },
        "loc": {
          "start": { "line": 47, "column": 6 },
          "end": { "line": 50, "column": null }
        },
        "line": 47
      },
      "3": {
        "name": "(anonymous_3)",
        "decl": {
          "start": { "line": 70, "column": 15 },
          "end": { "line": 70, "column": 16 }
        },
        "loc": {
          "start": { "line": 71, "column": 6 },
          "end": { "line": 76, "column": null }
        },
        "line": 71
      },
      "4": {
        "name": "(anonymous_4)",
        "decl": {
          "start": { "line": 94, "column": 15 },
          "end": { "line": 94, "column": 16 }
        },
        "loc": {
          "start": { "line": 95, "column": 6 },
          "end": { "line": 96, "column": null }
        },
        "line": 95
      },
      "5": {
        "name": "(anonymous_5)",
        "decl": {
          "start": { "line": 113, "column": 15 },
          "end": { "line": 113, "column": 16 }
        },
        "loc": {
          "start": { "line": 114, "column": 6 },
          "end": { "line": 115, "column": null }
        },
        "line": 114
      },
      "6": {
        "name": "(anonymous_6)",
        "decl": {
          "start": { "line": 133, "column": 15 },
          "end": { "line": 133, "column": 21 }
        },
        "loc": {
          "start": { "line": 133, "column": 21 },
          "end": { "line": 133, "column": null }
        },
        "line": 133
      },
      "7": {
        "name": "getEnding",
        "decl": {
          "start": { "line": 150, "column": 16 },
          "end": { "line": 150, "column": 26 }
        },
        "loc": {
          "start": { "line": 150, "column": 58 },
          "end": { "line": 162, "column": null }
        },
        "line": 150
      },
      "8": {
        "name": "(anonymous_8)",
        "decl": {
          "start": { "line": 151, "column": 35 },
          "end": { "line": 151, "column": 36 }
        },
        "loc": {
          "start": { "line": 151, "column": 45 },
          "end": { "line": 151, "column": 60 }
        },
        "line": 151
      },
      "9": {
        "name": "getSocialRank",
        "decl": {
          "start": { "line": 185, "column": 16 },
          "end": { "line": 185, "column": 30 }
        },
        "loc": {
          "start": { "line": 185, "column": 60 },
          "end": { "line": 192, "column": null }
        },
        "line": 185
      }
    },
    "branchMap": {
      "0": {
        "loc": {
          "start": { "line": 47, "column": 6 },
          "end": { "line": 50, "column": null }
        },
        "type": "binary-expr",
        "locations": [
          {
            "start": { "line": 47, "column": 6 },
            "end": { "line": 47, "column": null }
          },
          {
            "start": { "line": 48, "column": 6 },
            "end": { "line": 48, "column": null }
          },
          {
            "start": { "line": 49, "column": 6 },
            "end": { "line": 49, "column": null }
          },
          {
            "start": { "line": 50, "column": 6 },
            "end": { "line": 50, "column": null }
          }
        ],
        "line": 47
      },
      "1": {
        "loc": {
          "start": { "line": 71, "column": 6 },
          "end": { "line": 76, "column": null }
        },
        "type": "binary-expr",
        "locations": [
          {
            "start": { "line": 71, "column": 6 },
            "end": { "line": 71, "column": null }
          },
          {
            "start": { "line": 72, "column": 6 },
            "end": { "line": 76, "column": null }
          }
        ],
        "line": 71
      },
      "2": {
        "loc": {
          "start": { "line": 95, "column": 6 },
          "end": { "line": 96, "column": null }
        },
        "type": "binary-expr",
        "locations": [
          {
            "start": { "line": 95, "column": 6 },
            "end": { "line": 95, "column": null }
          },
          {
            "start": { "line": 96, "column": 6 },
            "end": { "line": 96, "column": null }
          }
        ],
        "line": 95
      },
      "3": {
        "loc": {
          "start": { "line": 114, "column": 6 },
          "end": { "line": 115, "column": null }
        },
        "type": "binary-expr",
        "locations": [
          {
            "start": { "line": 114, "column": 6 },
            "end": { "line": 114, "column": null }
          },
          {
            "start": { "line": 115, "column": 6 },
            "end": { "line": 115, "column": null }
          }
        ],
        "line": 114
      },
      "4": {
        "loc": {
          "start": { "line": 154, "column": 4 },
          "end": { "line": 156, "column": null }
        },
        "type": "if",
        "locations": [
          {
            "start": { "line": 154, "column": 4 },
            "end": { "line": 156, "column": null }
          },
          { "start": {}, "end": {} }
        ],
        "line": 154
      },
      "5": {
        "loc": {
          "start": { "line": 187, "column": 4 },
          "end": { "line": 189, "column": null }
        },
        "type": "if",
        "locations": [
          {
            "start": { "line": 187, "column": 4 },
            "end": { "line": 189, "column": null }
          },
          { "start": {}, "end": {} }
        ],
        "line": 187
      }
    },
    "s": {
      "0": 7,
      "1": 0,
      "2": 0,
      "3": 7,
      "4": 0,
      "5": 0,
      "6": 0,
      "7": 0,
      "8": 0,
      "9": 0,
      "10": 0,
      "11": 0,
      "12": 0,
      "13": 0,
      "14": 0,
      "15": 7,
      "16": 0,
      "17": 0,
      "18": 0,
      "19": 0
    },
    "f": {
      "0": 0,
      "1": 0,
      "2": 0,
      "3": 0,
      "4": 0,
      "5": 0,
      "6": 0,
      "7": 0,
      "8": 0,
      "9": 0
    },
    "b": {
      "0": [0, 0, 0, 0],
      "1": [0, 0],
      "2": [0, 0],
      "3": [0, 0],
      "4": [0, 0],
      "5": [0, 0]
    },
    "meta": {
      "lastBranch": 6,
      "lastFunction": 10,
      "lastStatement": 20,
      "seen": {
        "s:28:20:28:Infinity": 0,
        "f:30:9:30:Infinity": 0,
        "s:34:2:34:Infinity": 1,
        "f:34:24:34:25": 1,
        "s:34:31:34:52": 2,
        "s:37:33:141:Infinity": 3,
        "f:46:15:46:16": 2,
        "s:47:6:50:Infinity": 4,
        "b:47:6:47:Infinity:48:6:48:Infinity:49:6:49:Infinity:50:6:50:Infinity": 0,
        "f:70:15:70:16": 3,
        "s:71:6:76:Infinity": 5,
        "b:71:6:71:Infinity:72:6:76:Infinity": 1,
        "f:94:15:94:16": 4,
        "s:95:6:96:Infinity": 6,
        "b:95:6:95:Infinity:96:6:96:Infinity": 2,
        "f:113:15:113:16": 5,
        "s:114:6:115:Infinity": 7,
        "b:114:6:114:Infinity:115:6:115:Infinity": 3,
        "f:133:15:133:21": 6,
        "s:133:21:133:Infinity": 8,
        "f:150:16:150:26": 7,
        "s:151:17:151:Infinity": 9,
        "f:151:35:151:36": 8,
        "s:151:45:151:60": 10,
        "s:153:2:157:Infinity": 11,
        "b:154:4:156:Infinity:undefined:undefined:undefined:undefined": 4,
        "s:154:4:156:Infinity": 12,
        "s:155:6:155:Infinity": 13,
        "s:161:2:161:Infinity": 14,
        "s:173:44:180:Infinity": 15,
        "f:185:16:185:30": 9,
        "s:186:2:190:Infinity": 16,
        "b:187:4:189:Infinity:undefined:undefined:undefined:undefined": 5,
        "s:187:4:189:Infinity": 17,
        "s:188:6:188:Infinity": 18,
        "s:191:2:191:Infinity": 19
      }
    }
  },
  "/Users/masayoshiyuuto/neet-quest/src/data/enemies.ts": {
    "path": "/Users/masayoshiyuuto/neet-quest/src/data/enemies.ts",
    "statementMap": {
      "0": {
        "start": { "line": 4, "column": 46 },
        "end": { "line": 110, "column": null }
      }
    },
    "fnMap": {},
    "branchMap": {},
    "s": { "0": 8 },
    "f": {},
    "b": {},
    "meta": {
      "lastBranch": 0,
      "lastFunction": 0,
      "lastStatement": 1,
      "seen": { "s:4:46:110:Infinity": 0 }
    }
  },
  "/Users/masayoshiyuuto/neet-quest/src/data/enemyAI.ts": {
    "path": "/Users/masayoshiyuuto/neet-quest/src/data/enemyAI.ts",
    "statementMap": {
      "0": {
        "start": { "line": 30, "column": 65 },
        "end": { "line": 38, "column": null }
      },
      "1": {
        "start": { "line": 45, "column": 20 },
        "end": { "line": 45, "column": null }
      },
      "2": {
        "start": { "line": 45, "column": 34 },
        "end": { "line": 45, "column": null }
      },
      "3": {
        "start": { "line": 48, "column": 2 },
        "end": { "line": 48, "column": null }
      },
      "4": {
        "start": { "line": 48, "column": 34 },
        "end": { "line": 48, "column": 50 }
      },
      "5": {
        "start": { "line": 52, "column": 2 },
        "end": { "line": 52, "column": null }
      },
      "6": {
        "start": { "line": 56, "column": 2 },
        "end": { "line": 56, "column": null }
      },
      "7": {
        "start": { "line": 64, "column": 2 },
        "end": { "line": 64, "column": null }
      },
      "8": {
        "start": { "line": 68, "column": 2 },
        "end": { "line": 70, "column": null }
      },
      "9": {
        "start": { "line": 69, "column": 4 },
        "end": { "line": 69, "column": null }
      },
      "10": {
        "start": { "line": 71, "column": 2 },
        "end": { "line": 71, "column": null }
      },
      "11": {
        "start": { "line": 75, "column": 2 },
        "end": { "line": 77, "column": null }
      },
      "12": {
        "start": { "line": 76, "column": 4 },
        "end": { "line": 76, "column": null }
      },
      "13": {
        "start": { "line": 78, "column": 2 },
        "end": { "line": 78, "column": null }
      },
      "14": {
        "start": { "line": 82, "column": 23 },
        "end": { "line": 82, "column": null }
      },
      "15": {
        "start": { "line": 83, "column": 2 },
        "end": { "line": 83, "column": null }
      },
      "16": {
        "start": { "line": 83, "column": 21 },
        "end": { "line": 83, "column": null }
      },
      "17": {
        "start": { "line": 85, "column": 22 },
        "end": { "line": 85, "column": null }
      },
      "18": {
        "start": { "line": 86, "column": 21 },
        "end": { "line": 86, "column": null }
      },
      "19": {
        "start": { "line": 88, "column": 2 },
        "end": { "line": 90, "column": null }
      },
      "20": {
        "start": { "line": 89, "column": 4 },
        "end": { "line": 89, "column": null }
      },
      "21": {
        "start": { "line": 91, "column": 2 },
        "end": { "line": 91, "column": null }
      },
      "22": {
        "start": { "line": 98, "column": 18 },
        "end": { "line": 98, "column": null }
      },
      "23": {
        "start": { "line": 99, "column": 19 },
        "end": { "line": 99, "column": null }
      },
      "24": {
        "start": { "line": 100, "column": 20 },
        "end": { "line": 100, "column": null }
      },
      "25": {
        "start": { "line": 102, "column": 2 },
        "end": { "line": 108, "column": null }
      },
      "26": {
        "start": { "line": 104, "column": 4 },
        "end": { "line": 106, "column": null }
      },
      "27": {
        "start": { "line": 105, "column": 6 },
        "end": { "line": 105, "column": null }
      },
      "28": {
        "start": { "line": 107, "column": 4 },
        "end": { "line": 107, "column": null }
      },
      "29": {
        "start": { "line": 111, "column": 12 },
        "end": { "line": 111, "column": null }
      },
      "30": {
        "start": { "line": 112, "column": 2 },
        "end": { "line": 114, "column": null }
      },
      "31": {
        "start": { "line": 113, "column": 4 },
        "end": { "line": 113, "column": null }
      },
      "32": {
        "start": { "line": 115, "column": 2 },
        "end": { "line": 118, "column": null }
      },
      "33": {
        "start": { "line": 117, "column": 4 },
        "end": { "line": 117, "column": null }
      },
      "34": {
        "start": { "line": 119, "column": 2 },
        "end": { "line": 119, "column": null }
      },
      "35": {
        "start": { "line": 127, "column": 22 },
        "end": { "line": 127, "column": null }
      },
      "36": {
        "start": { "line": 128, "column": 24 },
        "end": { "line": 128, "column": null }
      },
      "37": {
        "start": { "line": 130, "column": 23 },
        "end": { "line": 130, "column": null }
      },
      "38": {
        "start": { "line": 131, "column": 23 },
        "end": { "line": 131, "column": null }
      },
      "39": {
        "start": { "line": 132, "column": 21 },
        "end": { "line": 132, "column": null }
      },
      "40": {
        "start": { "line": 135, "column": 2 },
        "end": { "line": 137, "column": null }
      },
      "41": {
        "start": { "line": 136, "column": 4 },
        "end": { "line": 136, "column": null }
      },
      "42": {
        "start": { "line": 140, "column": 2 },
        "end": { "line": 142, "column": null }
      },
      "43": {
        "start": { "line": 141, "column": 4 },
        "end": { "line": 141, "column": null }
      },
      "44": {
        "start": { "line": 145, "column": 2 },
        "end": { "line": 147, "column": null }
      },
      "45": {
        "start": { "line": 146, "column": 4 },
        "end": { "line": 146, "column": null }
      },
      "46": {
        "start": { "line": 150, "column": 31 },
        "end": { "line": 150, "column": null }
      },
      "47": {
        "start": { "line": 151, "column": 2 },
        "end": { "line": 158, "column": null }
      },
      "48": {
        "start": { "line": 157, "column": 4 },
        "end": { "line": 157, "column": null }
      },
      "49": {
        "start": { "line": 160, "column": 2 },
        "end": { "line": 160, "column": null }
      },
      "50": {
        "start": { "line": 180, "column": 2 },
        "end": { "line": 208, "column": null }
      },
      "51": {
        "start": { "line": 183, "column": 6 },
        "end": { "line": 183, "column": null }
      },
      "52": {
        "start": { "line": 186, "column": 6 },
        "end": { "line": 186, "column": null }
      },
      "53": {
        "start": { "line": 189, "column": 6 },
        "end": { "line": 189, "column": null }
      },
      "54": {
        "start": { "line": 192, "column": 6 },
        "end": { "line": 192, "column": null }
      },
      "55": {
        "start": { "line": 195, "column": 6 },
        "end": { "line": 195, "column": null }
      },
      "56": {
        "start": { "line": 198, "column": 6 },
        "end": { "line": 198, "column": null }
      },
      "57": {
        "start": { "line": 202, "column": 6 },
        "end": { "line": 206, "column": null }
      },
      "58": {
        "start": { "line": 204, "column": 10 },
        "end": { "line": 204, "column": null }
      },
      "59": {
        "start": { "line": 205, "column": 8 },
        "end": { "line": 205, "column": null }
      },
      "60": {
        "start": { "line": 207, "column": 6 },
        "end": { "line": 207, "column": null }
      }
    },
    "fnMap": {
      "0": {
        "name": "(anonymous_0)",
        "decl": {
          "start": { "line": 45, "column": 20 },
          "end": { "line": 45, "column": 34 }
        },
        "loc": {
          "start": { "line": 45, "column": 34 },
          "end": { "line": 45, "column": null }
        },
        "line": 45
      },
      "1": {
        "name": "findSkill",
        "decl": {
          "start": { "line": 47, "column": 9 },
          "end": { "line": 47, "column": 19 }
        },
        "loc": {
          "start": { "line": 47, "column": 69 },
          "end": { "line": 49, "column": null }
        },
        "line": 47
      },
      "2": {
        "name": "(anonymous_2)",
        "decl": {
          "start": { "line": 48, "column": 27 },
          "end": { "line": 48, "column": 28 }
        },
        "loc": {
          "start": { "line": 48, "column": 34 },
          "end": { "line": 48, "column": 50 }
        },
        "line": 48
      },
      "3": {
        "name": "basicAttack",
        "decl": {
          "start": { "line": 51, "column": 9 },
          "end": { "line": 51, "column": 36 }
        },
        "loc": {
          "start": { "line": 51, "column": 36 },
          "end": { "line": 53, "column": null }
        },
        "line": 51
      },
      "4": {
        "name": "chooseSkill",
        "decl": {
          "start": { "line": 55, "column": 9 },
          "end": { "line": 55, "column": 21 }
        },
        "loc": {
          "start": { "line": 55, "column": 51 },
          "end": { "line": 57, "column": null }
        },
        "line": 55
      },
      "5": {
        "name": "decideSlimeOrBat",
        "decl": {
          "start": { "line": 63, "column": 9 },
          "end": { "line": 63, "column": 41 }
        },
        "loc": {
          "start": { "line": 63, "column": 41 },
          "end": { "line": 65, "column": null }
        },
        "line": 63
      },
      "6": {
        "name": "decideGoblin",
        "decl": {
          "start": { "line": 67, "column": 9 },
          "end": { "line": 67, "column": 22 }
        },
        "loc": {
          "start": { "line": 67, "column": 49 },
          "end": { "line": 72, "column": null }
        },
        "line": 67
      },
      "7": {
        "name": "decideSkeleton",
        "decl": {
          "start": { "line": 74, "column": 9 },
          "end": { "line": 74, "column": 24 }
        },
        "loc": {
          "start": { "line": 74, "column": 51 },
          "end": { "line": 79, "column": null }
        },
        "line": 74
      },
      "8": {
        "name": "decideWolf",
        "decl": {
          "start": { "line": 81, "column": 9 },
          "end": { "line": 81, "column": 20 }
        },
        "loc": {
          "start": { "line": 81, "column": 78 },
          "end": { "line": 92, "column": null }
        },
        "line": 81
      },
      "9": {
        "name": "decideInterviewerGolem",
        "decl": {
          "start": { "line": 94, "column": 9 },
          "end": { "line": 94, "column": null }
        },
        "loc": {
          "start": { "line": 97, "column": 15 },
          "end": { "line": 120, "column": null }
        },
        "line": 97
      },
      "10": {
        "name": "decideBossBlackCompany",
        "decl": {
          "start": { "line": 122, "column": 9 },
          "end": { "line": 122, "column": null }
        },
        "loc": {
          "start": { "line": 126, "column": 15 },
          "end": { "line": 161, "column": null }
        },
        "line": 126
      },
      "11": {
        "name": "chooseEnemyAction",
        "decl": {
          "start": { "line": 175, "column": 16 },
          "end": { "line": 175, "column": null }
        },
        "loc": {
          "start": { "line": 179, "column": 15 },
          "end": { "line": 209, "column": null }
        },
        "line": 179
      }
    },
    "branchMap": {
      "0": {
        "loc": {
          "start": { "line": 68, "column": 2 },
          "end": { "line": 70, "column": null }
        },
        "type": "if",
        "locations": [
          {
            "start": { "line": 68, "column": 2 },
            "end": { "line": 70, "column": null }
          },
          { "start": {}, "end": {} }
        ],
        "line": 68
      },
      "1": {
        "loc": {
          "start": { "line": 68, "column": 6 },
          "end": { "line": 68, "column": 54 }
        },
        "type": "binary-expr",
        "locations": [
          {
            "start": { "line": 68, "column": 6 },
            "end": { "line": 68, "column": 40 }
          },
          {
            "start": { "line": 68, "column": 40 },
            "end": { "line": 68, "column": 54 }
          }
        ],
        "line": 68
      },
      "2": {
        "loc": {
          "start": { "line": 75, "column": 2 },
          "end": { "line": 77, "column": null }
        },
        "type": "if",
        "locations": [
          {
            "start": { "line": 75, "column": 2 },
            "end": { "line": 77, "column": null }
          },
          { "start": {}, "end": {} }
        ],
        "line": 75
      },
      "3": {
        "loc": {
          "start": { "line": 75, "column": 6 },
          "end": { "line": 75, "column": 49 }
        },
        "type": "binary-expr",
        "locations": [
          {
            "start": { "line": 75, "column": 6 },
            "end": { "line": 75, "column": 35 }
          },
          {
            "start": { "line": 75, "column": 35 },
            "end": { "line": 75, "column": 49 }
          }
        ],
        "line": 75
      },
      "4": {
        "loc": {
          "start": { "line": 83, "column": 2 },
          "end": { "line": 83, "column": null }
        },
        "type": "if",
        "locations": [
          {
            "start": { "line": 83, "column": 2 },
            "end": { "line": 83, "column": null }
          },
          { "start": {}, "end": {} }
        ],
        "line": 83
      },
      "5": {
        "loc": {
          "start": { "line": 86, "column": 21 },
          "end": { "line": 86, "column": null }
        },
        "type": "cond-expr",
        "locations": [
          {
            "start": { "line": 86, "column": 35 },
            "end": { "line": 86, "column": 41 }
          },
          {
            "start": { "line": 86, "column": 41 },
            "end": { "line": 86, "column": null }
          }
        ],
        "line": 86
      },
      "6": {
        "loc": {
          "start": { "line": 88, "column": 2 },
          "end": { "line": 90, "column": null }
        },
        "type": "if",
        "locations": [
          {
            "start": { "line": 88, "column": 2 },
            "end": { "line": 90, "column": null }
          },
          { "start": {}, "end": {} }
        ],
        "line": 88
      },
      "7": {
        "loc": {
          "start": { "line": 102, "column": 2 },
          "end": { "line": 108, "column": null }
        },
        "type": "if",
        "locations": [
          {
            "start": { "line": 102, "column": 2 },
            "end": { "line": 108, "column": null }
          },
          { "start": {}, "end": {} }
        ],
        "line": 102
      },
      "8": {
        "loc": {
          "start": { "line": 104, "column": 4 },
          "end": { "line": 106, "column": null }
        },
        "type": "if",
        "locations": [
          {
            "start": { "line": 104, "column": 4 },
            "end": { "line": 106, "column": null }
          },
          { "start": {}, "end": {} }
        ],
        "line": 104
      },
      "9": {
        "loc": {
          "start": { "line": 104, "column": 8 },
          "end": { "line": 104, "column": 34 }
        },
        "type": "binary-expr",
        "locations": [
          {
            "start": { "line": 104, "column": 8 },
            "end": { "line": 104, "column": 20 }
          },
          {
            "start": { "line": 104, "column": 20 },
            "end": { "line": 104, "column": 34 }
          }
        ],
        "line": 104
      },
      "10": {
        "loc": {
          "start": { "line": 112, "column": 2 },
          "end": { "line": 114, "column": null }
        },
        "type": "if",
        "locations": [
          {
            "start": { "line": 112, "column": 2 },
            "end": { "line": 114, "column": null }
          },
          { "start": {}, "end": {} }
        ],
        "line": 112
      },
      "11": {
        "loc": {
          "start": { "line": 112, "column": 6 },
          "end": { "line": 112, "column": 27 }
        },
        "type": "binary-expr",
        "locations": [
          {
            "start": { "line": 112, "column": 6 },
            "end": { "line": 112, "column": 18 }
          },
          {
            "start": { "line": 112, "column": 18 },
            "end": { "line": 112, "column": 27 }
          }
        ],
        "line": 112
      },
      "12": {
        "loc": {
          "start": { "line": 115, "column": 2 },
          "end": { "line": 118, "column": null }
        },
        "type": "if",
        "locations": [
          {
            "start": { "line": 115, "column": 2 },
            "end": { "line": 118, "column": null }
          },
          { "start": {}, "end": {} }
        ],
        "line": 115
      },
      "13": {
        "loc": {
          "start": { "line": 115, "column": 6 },
          "end": { "line": 115, "column": 28 }
        },
        "type": "binary-expr",
        "locations": [
          {
            "start": { "line": 115, "column": 6 },
            "end": { "line": 115, "column": 19 }
          },
          {
            "start": { "line": 115, "column": 19 },
            "end": { "line": 115, "column": 28 }
          }
        ],
        "line": 115
      },
      "14": {
        "loc": {
          "start": { "line": 135, "column": 2 },
          "end": { "line": 137, "column": null }
        },
        "type": "if",
        "locations": [
          {
            "start": { "line": 135, "column": 2 },
            "end": { "line": 137, "column": null }
          },
          { "start": {}, "end": {} }
        ],
        "line": 135
      },
      "15": {
        "loc": {
          "start": { "line": 135, "column": 6 },
          "end": { "line": 135, "column": 41 }
        },
        "type": "binary-expr",
        "locations": [
          {
            "start": { "line": 135, "column": 6 },
            "end": { "line": 135, "column": 27 }
          },
          {
            "start": { "line": 135, "column": 27 },
            "end": { "line": 135, "column": 41 }
          }
        ],
        "line": 135
      },
      "16": {
        "loc": {
          "start": { "line": 140, "column": 2 },
          "end": { "line": 142, "column": null }
        },
        "type": "if",
        "locations": [
          {
            "start": { "line": 140, "column": 2 },
            "end": { "line": 142, "column": null }
          },
          { "start": {}, "end": {} }
        ],
        "line": 140
      },
      "17": {
        "loc": {
          "start": { "line": 140, "column": 6 },
          "end": { "line": 140, "column": 55 }
        },
        "type": "binary-expr",
        "locations": [
          {
            "start": { "line": 140, "column": 6 },
            "end": { "line": 140, "column": 27 }
          },
          {
            "start": { "line": 140, "column": 27 },
            "end": { "line": 140, "column": 41 }
          },
          {
            "start": { "line": 140, "column": 41 },
            "end": { "line": 140, "column": 55 }
          }
        ],
        "line": 140
      },
      "18": {
        "loc": {
          "start": { "line": 145, "column": 2 },
          "end": { "line": 147, "column": null }
        },
        "type": "if",
        "locations": [
          {
            "start": { "line": 145, "column": 2 },
            "end": { "line": 147, "column": null }
          },
          { "start": {}, "end": {} }
        ],
        "line": 145
      },
      "19": {
        "loc": {
          "start": { "line": 145, "column": 6 },
          "end": { "line": 145, "column": 59 }
        },
        "type": "binary-expr",
        "locations": [
          {
            "start": { "line": 145, "column": 6 },
            "end": { "line": 145, "column": 29 }
          },
          {
            "start": { "line": 145, "column": 29 },
            "end": { "line": 145, "column": 45 }
          },
          {
            "start": { "line": 145, "column": 45 },
            "end": { "line": 145, "column": 59 }
          }
        ],
        "line": 145
      },
      "20": {
        "loc": {
          "start": { "line": 151, "column": 2 },
          "end": { "line": 158, "column": null }
        },
        "type": "if",
        "locations": [
          {
            "start": { "line": 151, "column": 2 },
            "end": { "line": 158, "column": null }
          },
          { "start": {}, "end": {} }
        ],
        "line": 151
      },
      "21": {
        "loc": {
          "start": { "line": 152, "column": 4 },
          "end": { "line": 155, "column": null }
        },
        "type": "binary-expr",
        "locations": [
          {
            "start": { "line": 152, "column": 4 },
            "end": { "line": 152, "column": null }
          },
          {
            "start": { "line": 153, "column": 4 },
            "end": { "line": 153, "column": null }
          },
          {
            "start": { "line": 154, "column": 4 },
            "end": { "line": 154, "column": null }
          },
          {
            "start": { "line": 155, "column": 4 },
            "end": { "line": 155, "column": null }
          }
        ],
        "line": 152
      },
      "22": {
        "loc": {
          "start": { "line": 178, "column": 2 },
          "end": { "line": 178, "column": null }
        },
        "type": "default-arg",
        "locations": [
          {
            "start": { "line": 178, "column": 34 },
            "end": { "line": 178, "column": null }
          }
        ],
        "line": 178
      },
      "23": {
        "loc": {
          "start": { "line": 180, "column": 2 },
          "end": { "line": 208, "column": null }
        },
        "type": "switch",
        "locations": [
          {
            "start": { "line": 181, "column": 4 },
            "end": { "line": 181, "column": null }
          },
          {
            "start": { "line": 182, "column": 4 },
            "end": { "line": 183, "column": null }
          },
          {
            "start": { "line": 185, "column": 4 },
            "end": { "line": 186, "column": null }
          },
          {
            "start": { "line": 188, "column": 4 },
            "end": { "line": 189, "column": null }
          },
          {
            "start": { "line": 191, "column": 4 },
            "end": { "line": 192, "column": null }
          },
          {
            "start": { "line": 194, "column": 4 },
            "end": { "line": 195, "column": null }
          },
          {
            "start": { "line": 197, "column": 4 },
            "end": { "line": 198, "column": null }
          },
          {
            "start": { "line": 200, "column": 4 },
            "end": { "line": 207, "column": null }
          }
        ],
        "line": 180
      },
      "24": {
        "loc": {
          "start": { "line": 202, "column": 6 },
          "end": { "line": 206, "column": null }
        },
        "type": "if",
        "locations": [
          {
            "start": { "line": 202, "column": 6 },
            "end": { "line": 206, "column": null }
          },
          { "start": {}, "end": {} }
        ],
        "line": 202
      },
      "25": {
        "loc": {
          "start": { "line": 202, "column": 10 },
          "end": { "line": 202, "column": 51 }
        },
        "type": "binary-expr",
        "locations": [
          {
            "start": { "line": 202, "column": 10 },
            "end": { "line": 202, "column": 37 }
          },
          {
            "start": { "line": 202, "column": 37 },
            "end": { "line": 202, "column": 51 }
          }
        ],
        "line": 202
      }
    },
    "s": {
      "0": 7,
      "1": 7,
      "2": 139,
      "3": 0,
      "4": 0,
      "5": 66,
      "6": 38,
      "7": 0,
      "8": 0,
      "9": 0,
      "10": 0,
      "11": 0,
      "12": 0,
      "13": 0,
      "14": 0,
      "15": 0,
      "16": 0,
      "17": 0,
      "18": 0,
      "19": 0,
      "20": 0,
      "21": 0,
      "22": 0,
      "23": 0,
      "24": 0,
      "25": 0,
      "26": 0,
      "27": 0,
      "28": 0,
      "29": 0,
      "30": 0,
      "31": 0,
      "32": 0,
      "33": 0,
      "34": 0,
      "35": 0,
      "36": 0,
      "37": 0,
      "38": 0,
      "39": 0,
      "40": 0,
      "41": 0,
      "42": 0,
      "43": 0,
      "44": 0,
      "45": 0,
      "46": 0,
      "47": 0,
      "48": 0,
      "49": 0,
      "50": 104,
      "51": 0,
      "52": 0,
      "53": 0,
      "54": 0,
      "55": 0,
      "56": 0,
      "57": 104,
      "58": 38,
      "59": 38,
      "60": 66
    },
    "f": {
      "0": 139,
      "1": 0,
      "2": 0,
      "3": 66,
      "4": 38,
      "5": 0,
      "6": 0,
      "7": 0,
      "8": 0,
      "9": 0,
      "10": 0,
      "11": 104
    },
    "b": {
      "0": [0, 0],
      "1": [0, 0],
      "2": [0, 0],
      "3": [0, 0],
      "4": [0, 0],
      "5": [0, 0],
      "6": [0, 0],
      "7": [0, 0],
      "8": [0, 0],
      "9": [0, 0],
      "10": [0, 0],
      "11": [0, 0],
      "12": [0, 0],
      "13": [0, 0],
      "14": [0, 0],
      "15": [0, 0],
      "16": [0, 0],
      "17": [0, 0, 0],
      "18": [0, 0],
      "19": [0, 0, 0],
      "20": [0, 0],
      "21": [0, 0, 0, 0],
      "22": [104],
      "23": [0, 0, 0, 0, 0, 0, 0, 104],
      "24": [38, 66],
      "25": [104, 101]
    },
    "meta": {
      "lastBranch": 26,
      "lastFunction": 12,
      "lastStatement": 61,
      "seen": {
        "s:30:65:38:Infinity": 0,
        "s:45:20:45:Infinity": 1,
        "f:45:20:45:34": 0,
        "s:45:34:45:Infinity": 2,
        "f:47:9:47:19": 1,
        "s:48:2:48:Infinity": 3,
        "f:48:27:48:28": 2,
        "s:48:34:48:50": 4,
        "f:51:9:51:36": 3,
        "s:52:2:52:Infinity": 5,
        "f:55:9:55:21": 4,
        "s:56:2:56:Infinity": 6,
        "f:63:9:63:41": 5,
        "s:64:2:64:Infinity": 7,
        "f:67:9:67:22": 6,
        "b:68:2:70:Infinity:undefined:undefined:undefined:undefined": 0,
        "s:68:2:70:Infinity": 8,
        "b:68:6:68:40:68:40:68:54": 1,
        "s:69:4:69:Infinity": 9,
        "s:71:2:71:Infinity": 10,
        "f:74:9:74:24": 7,
        "b:75:2:77:Infinity:undefined:undefined:undefined:undefined": 2,
        "s:75:2:77:Infinity": 11,
        "b:75:6:75:35:75:35:75:49": 3,
        "s:76:4:76:Infinity": 12,
        "s:78:2:78:Infinity": 13,
        "f:81:9:81:20": 8,
        "s:82:23:82:Infinity": 14,
        "b:83:2:83:Infinity:undefined:undefined:undefined:undefined": 4,
        "s:83:2:83:Infinity": 15,
        "s:83:21:83:Infinity": 16,
        "s:85:22:85:Infinity": 17,
        "s:86:21:86:Infinity": 18,
        "b:86:35:86:41:86:41:86:Infinity": 5,
        "b:88:2:90:Infinity:undefined:undefined:undefined:undefined": 6,
        "s:88:2:90:Infinity": 19,
        "s:89:4:89:Infinity": 20,
        "s:91:2:91:Infinity": 21,
        "f:94:9:94:Infinity": 9,
        "s:98:18:98:Infinity": 22,
        "s:99:19:99:Infinity": 23,
        "s:100:20:100:Infinity": 24,
        "b:102:2:108:Infinity:undefined:undefined:undefined:undefined": 7,
        "s:102:2:108:Infinity": 25,
        "b:104:4:106:Infinity:undefined:undefined:undefined:undefined": 8,
        "s:104:4:106:Infinity": 26,
        "b:104:8:104:20:104:20:104:34": 9,
        "s:105:6:105:Infinity": 27,
        "s:107:4:107:Infinity": 28,
        "s:111:12:111:Infinity": 29,
        "b:112:2:114:Infinity:undefined:undefined:undefined:undefined": 10,
        "s:112:2:114:Infinity": 30,
        "b:112:6:112:18:112:18:112:27": 11,
        "s:113:4:113:Infinity": 31,
        "b:115:2:118:Infinity:undefined:undefined:undefined:undefined": 12,
        "s:115:2:118:Infinity": 32,
        "b:115:6:115:19:115:19:115:28": 13,
        "s:117:4:117:Infinity": 33,
        "s:119:2:119:Infinity": 34,
        "f:122:9:122:Infinity": 10,
        "s:127:22:127:Infinity": 35,
        "s:128:24:128:Infinity": 36,
        "s:130:23:130:Infinity": 37,
        "s:131:23:131:Infinity": 38,
        "s:132:21:132:Infinity": 39,
        "b:135:2:137:Infinity:undefined:undefined:undefined:undefined": 14,
        "s:135:2:137:Infinity": 40,
        "b:135:6:135:27:135:27:135:41": 15,
        "s:136:4:136:Infinity": 41,
        "b:140:2:142:Infinity:undefined:undefined:undefined:undefined": 16,
        "s:140:2:142:Infinity": 42,
        "b:140:6:140:27:140:27:140:41:140:41:140:55": 17,
        "s:141:4:141:Infinity": 43,
        "b:145:2:147:Infinity:undefined:undefined:undefined:undefined": 18,
        "s:145:2:147:Infinity": 44,
        "b:145:6:145:29:145:29:145:45:145:45:145:59": 19,
        "s:146:4:146:Infinity": 45,
        "s:150:31:150:Infinity": 46,
        "b:151:2:158:Infinity:undefined:undefined:undefined:undefined": 20,
        "s:151:2:158:Infinity": 47,
        "b:152:4:152:Infinity:153:4:153:Infinity:154:4:154:Infinity:155:4:155:Infinity": 21,
        "s:157:4:157:Infinity": 48,
        "s:160:2:160:Infinity": 49,
        "f:175:16:175:Infinity": 11,
        "b:178:34:178:Infinity": 22,
        "b:181:4:181:Infinity:182:4:183:Infinity:185:4:186:Infinity:188:4:189:Infinity:191:4:192:Infinity:194:4:195:Infinity:197:4:198:Infinity:200:4:207:Infinity": 23,
        "s:180:2:208:Infinity": 50,
        "s:183:6:183:Infinity": 51,
        "s:186:6:186:Infinity": 52,
        "s:189:6:189:Infinity": 53,
        "s:192:6:192:Infinity": 54,
        "s:195:6:195:Infinity": 55,
        "s:198:6:198:Infinity": 56,
        "b:202:6:206:Infinity:undefined:undefined:undefined:undefined": 24,
        "s:202:6:206:Infinity": 57,
        "b:202:10:202:37:202:37:202:51": 25,
        "s:204:10:204:Infinity": 58,
        "s:205:8:205:Infinity": 59,
        "s:207:6:207:Infinity": 60
      }
    }
  },
  "/Users/masayoshiyuuto/neet-quest/src/data/events.ts": {
    "path": "/Users/masayoshiyuuto/neet-quest/src/data/events.ts",
    "statementMap": {
      "0": {
        "start": { "line": 50, "column": 32 },
        "end": { "line": 50, "column": null }
      },
      "1": {
        "start": { "line": 51, "column": 31 },
        "end": { "line": 51, "column": null }
      },
      "2": {
        "start": { "line": 55, "column": 44 },
        "end": { "line": 190, "column": null }
      },
      "3": {
        "start": { "line": 61, "column": 6 },
        "end": { "line": 61, "column": null }
      },
      "4": {
        "start": { "line": 73, "column": 24 },
        "end": { "line": 73, "column": null }
      },
      "5": {
        "start": { "line": 86, "column": 6 },
        "end": { "line": 86, "column": null }
      },
      "6": {
        "start": { "line": 99, "column": 6 },
        "end": { "line": 99, "column": null }
      },
      "7": {
        "start": { "line": 111, "column": 24 },
        "end": { "line": 111, "column": null }
      },
      "8": {
        "start": { "line": 124, "column": 24 },
        "end": { "line": 124, "column": null }
      },
      "9": {
        "start": { "line": 138, "column": 6 },
        "end": { "line": 138, "column": null }
      },
      "10": {
        "start": { "line": 152, "column": 6 },
        "end": { "line": 154, "column": null }
      },
      "11": {
        "start": { "line": 167, "column": 24 },
        "end": { "line": 167, "column": null }
      },
      "12": {
        "start": { "line": 181, "column": 6 },
        "end": { "line": 181, "column": null }
      },
      "13": {
        "start": { "line": 200, "column": 24 },
        "end": { "line": 200, "column": null }
      },
      "14": {
        "start": { "line": 202, "column": 23 },
        "end": { "line": 202, "column": null }
      },
      "15": {
        "start": { "line": 204, "column": 4 },
        "end": { "line": 204, "column": null }
      },
      "16": {
        "start": { "line": 206, "column": 2 },
        "end": { "line": 225, "column": null }
      },
      "17": {
        "start": { "line": 210, "column": 22 },
        "end": { "line": 210, "column": null }
      },
      "18": {
        "start": { "line": 212, "column": 4 },
        "end": { "line": 218, "column": null }
      },
      "19": {
        "start": { "line": 213, "column": 6 },
        "end": { "line": 217, "column": null }
      },
      "20": {
        "start": { "line": 220, "column": 4 },
        "end": { "line": 224, "column": null }
      },
      "21": {
        "start": { "line": 227, "column": 2 },
        "end": { "line": 231, "column": null }
      },
      "22": {
        "start": { "line": 243, "column": 19 },
        "end": { "line": 243, "column": null }
      },
      "23": {
        "start": { "line": 243, "column": 49 },
        "end": { "line": 243, "column": 68 }
      },
      "24": {
        "start": { "line": 245, "column": 2 },
        "end": { "line": 249, "column": null }
      },
      "25": {
        "start": { "line": 246, "column": 4 },
        "end": { "line": 248, "column": null }
      },
      "26": {
        "start": { "line": 247, "column": 6 },
        "end": { "line": 247, "column": null }
      },
      "27": {
        "start": { "line": 251, "column": 2 },
        "end": { "line": 251, "column": null }
      }
    },
    "fnMap": {
      "0": {
        "name": "(anonymous_0)",
        "decl": {
          "start": { "line": 60, "column": 15 },
          "end": { "line": 60, "column": 16 }
        },
        "loc": {
          "start": { "line": 61, "column": 6 },
          "end": { "line": 61, "column": null }
        },
        "line": 61
      },
      "1": {
        "name": "(anonymous_1)",
        "decl": {
          "start": { "line": 73, "column": 15 },
          "end": { "line": 73, "column": 16 }
        },
        "loc": {
          "start": { "line": 73, "column": 24 },
          "end": { "line": 73, "column": null }
        },
        "line": 73
      },
      "2": {
        "name": "(anonymous_2)",
        "decl": {
          "start": { "line": 85, "column": 15 },
          "end": { "line": 85, "column": 16 }
        },
        "loc": {
          "start": { "line": 86, "column": 6 },
          "end": { "line": 86, "column": null }
        },
        "line": 86
      },
      "3": {
        "name": "(anonymous_3)",
        "decl": {
          "start": { "line": 98, "column": 15 },
          "end": { "line": 98, "column": 16 }
        },
        "loc": {
          "start": { "line": 99, "column": 6 },
          "end": { "line": 99, "column": null }
        },
        "line": 99
      },
      "4": {
        "name": "(anonymous_4)",
        "decl": {
          "start": { "line": 111, "column": 15 },
          "end": { "line": 111, "column": 16 }
        },
        "loc": {
          "start": { "line": 111, "column": 24 },
          "end": { "line": 111, "column": null }
        },
        "line": 111
      },
      "5": {
        "name": "(anonymous_5)",
        "decl": {
          "start": { "line": 124, "column": 15 },
          "end": { "line": 124, "column": 16 }
        },
        "loc": {
          "start": { "line": 124, "column": 24 },
          "end": { "line": 124, "column": null }
        },
        "line": 124
      },
      "6": {
        "name": "(anonymous_6)",
        "decl": {
          "start": { "line": 137, "column": 15 },
          "end": { "line": 137, "column": 16 }
        },
        "loc": {
          "start": { "line": 138, "column": 6 },
          "end": { "line": 138, "column": null }
        },
        "line": 138
      },
      "7": {
        "name": "(anonymous_7)",
        "decl": {
          "start": { "line": 151, "column": 15 },
          "end": { "line": 151, "column": 16 }
        },
        "loc": {
          "start": { "line": 152, "column": 6 },
          "end": { "line": 154, "column": null }
        },
        "line": 152
      },
      "8": {
        "name": "(anonymous_8)",
        "decl": {
          "start": { "line": 167, "column": 15 },
          "end": { "line": 167, "column": 16 }
        },
        "loc": {
          "start": { "line": 167, "column": 24 },
          "end": { "line": 167, "column": null }
        },
        "line": 167
      },
      "9": {
        "name": "(anonymous_9)",
        "decl": {
          "start": { "line": 180, "column": 15 },
          "end": { "line": 180, "column": 16 }
        },
        "loc": {
          "start": { "line": 181, "column": 6 },
          "end": { "line": 181, "column": null }
        },
        "line": 181
      },
      "10": {
        "name": "advanceTime",
        "decl": {
          "start": { "line": 199, "column": 16 },
          "end": { "line": 199, "column": 28 }
        },
        "loc": {
          "start": { "line": 199, "column": 57 },
          "end": { "line": 232, "column": null }
        },
        "line": 199
      },
      "11": {
        "name": "checkRandomEvent",
        "decl": {
          "start": { "line": 240, "column": 16 },
          "end": { "line": 240, "column": null }
        },
        "loc": {
          "start": { "line": 242, "column": 22 },
          "end": { "line": 252, "column": null }
        },
        "line": 242
      },
      "12": {
        "name": "(anonymous_12)",
        "decl": {
          "start": { "line": 243, "column": 43 },
          "end": { "line": 243, "column": 49 }
        },
        "loc": {
          "start": { "line": 243, "column": 49 },
          "end": { "line": 243, "column": 68 }
        },
        "line": 243
      }
    },
    "branchMap": {
      "0": {
        "loc": {
          "start": { "line": 61, "column": 6 },
          "end": { "line": 61, "column": null }
        },
        "type": "binary-expr",
        "locations": [
          {
            "start": { "line": 61, "column": 6 },
            "end": { "line": 61, "column": 37 }
          },
          {
            "start": { "line": 61, "column": 37 },
            "end": { "line": 61, "column": null }
          }
        ],
        "line": 61
      },
      "1": {
        "loc": {
          "start": { "line": 86, "column": 6 },
          "end": { "line": 86, "column": null }
        },
        "type": "binary-expr",
        "locations": [
          {
            "start": { "line": 86, "column": 6 },
            "end": { "line": 86, "column": 37 }
          },
          {
            "start": { "line": 86, "column": 37 },
            "end": { "line": 86, "column": null }
          }
        ],
        "line": 86
      },
      "2": {
        "loc": {
          "start": { "line": 99, "column": 6 },
          "end": { "line": 99, "column": null }
        },
        "type": "binary-expr",
        "locations": [
          {
            "start": { "line": 99, "column": 6 },
            "end": { "line": 99, "column": 37 }
          },
          {
            "start": { "line": 99, "column": 37 },
            "end": { "line": 99, "column": null }
          }
        ],
        "line": 99
      },
      "3": {
        "loc": {
          "start": { "line": 124, "column": 24 },
          "end": { "line": 124, "column": null }
        },
        "type": "binary-expr",
        "locations": [
          {
            "start": { "line": 124, "column": 24 },
            "end": { "line": 124, "column": 53 }
          },
          {
            "start": { "line": 124, "column": 53 },
            "end": { "line": 124, "column": null }
          }
        ],
        "line": 124
      },
      "4": {
        "loc": {
          "start": { "line": 138, "column": 6 },
          "end": { "line": 138, "column": null }
        },
        "type": "binary-expr",
        "locations": [
          {
            "start": { "line": 138, "column": 6 },
            "end": { "line": 138, "column": 40 }
          },
          {
            "start": { "line": 138, "column": 40 },
            "end": { "line": 138, "column": null }
          }
        ],
        "line": 138
      },
      "5": {
        "loc": {
          "start": { "line": 152, "column": 6 },
          "end": { "line": 154, "column": null }
        },
        "type": "binary-expr",
        "locations": [
          {
            "start": { "line": 152, "column": 6 },
            "end": { "line": 152, "column": null }
          },
          {
            "start": { "line": 153, "column": 6 },
            "end": { "line": 153, "column": null }
          },
          {
            "start": { "line": 154, "column": 6 },
            "end": { "line": 154, "column": null }
          }
        ],
        "line": 152
      },
      "6": {
        "loc": {
          "start": { "line": 181, "column": 6 },
          "end": { "line": 181, "column": null }
        },
        "type": "binary-expr",
        "locations": [
          {
            "start": { "line": 181, "column": 6 },
            "end": { "line": 181, "column": 50 }
          },
          {
            "start": { "line": 181, "column": 50 },
            "end": { "line": 181, "column": null }
          }
        ],
        "line": 181
      },
      "7": {
        "loc": {
          "start": { "line": 206, "column": 2 },
          "end": { "line": 225, "column": null }
        },
        "type": "if",
        "locations": [
          {
            "start": { "line": 206, "column": 2 },
            "end": { "line": 225, "column": null }
          },
          { "start": {}, "end": {} }
        ],
        "line": 206
      },
      "8": {
        "loc": {
          "start": { "line": 207, "column": 4 },
          "end": { "line": 208, "column": null }
        },
        "type": "binary-expr",
        "locations": [
          {
            "start": { "line": 207, "column": 4 },
            "end": { "line": 207, "column": null }
          },
          {
            "start": { "line": 208, "column": 4 },
            "end": { "line": 208, "column": null }
          }
        ],
        "line": 207
      },
      "9": {
        "loc": {
          "start": { "line": 212, "column": 4 },
          "end": { "line": 218, "column": null }
        },
        "type": "if",
        "locations": [
          {
            "start": { "line": 212, "column": 4 },
            "end": { "line": 218, "column": null }
          },
          { "start": {}, "end": {} }
        ],
        "line": 212
      },
      "10": {
        "loc": {
          "start": { "line": 246, "column": 4 },
          "end": { "line": 248, "column": null }
        },
        "type": "if",
        "locations": [
          {
            "start": { "line": 246, "column": 4 },
            "end": { "line": 248, "column": null }
          },
          { "start": {}, "end": {} }
        ],
        "line": 246
      },
      "11": {
        "loc": {
          "start": { "line": 246, "column": 8 },
          "end": { "line": 246, "column": 71 }
        },
        "type": "binary-expr",
        "locations": [
          {
            "start": { "line": 246, "column": 8 },
            "end": { "line": 246, "column": 36 }
          },
          {
            "start": { "line": 246, "column": 36 },
            "end": { "line": 246, "column": 71 }
          }
        ],
        "line": 246
      }
    },
    "s": {
      "0": 7,
      "1": 7,
      "2": 7,
      "3": 971,
      "4": 924,
      "5": 917,
      "6": 926,
      "7": 916,
      "8": 941,
      "9": 930,
      "10": 920,
      "11": 911,
      "12": 915,
      "13": 1008,
      "14": 1008,
      "15": 1008,
      "16": 1008,
      "17": 50,
      "18": 50,
      "19": 12,
      "20": 38,
      "21": 958,
      "22": 1008,
      "23": 21676,
      "24": 1008,
      "25": 9271,
      "26": 175,
      "27": 833
    },
    "f": {
      "0": 971,
      "1": 924,
      "2": 917,
      "3": 926,
      "4": 916,
      "5": 941,
      "6": 930,
      "7": 920,
      "8": 911,
      "9": 915,
      "10": 1008,
      "11": 1008,
      "12": 21676
    },
    "b": {
      "0": [971, 267],
      "1": [917, 0],
      "2": [926, 0],
      "3": [941, 220],
      "4": [930, 930],
      "5": [920, 0, 0],
      "6": [915, 0],
      "7": [50, 958],
      "8": [1008, 50],
      "9": [12, 38],
      "10": [175, 9096],
      "11": [9271, 701]
    },
    "meta": {
      "lastBranch": 12,
      "lastFunction": 13,
      "lastStatement": 28,
      "seen": {
        "s:50:32:50:Infinity": 0,
        "s:51:31:51:Infinity": 1,
        "s:55:44:190:Infinity": 2,
        "f:60:15:60:16": 0,
        "s:61:6:61:Infinity": 3,
        "b:61:6:61:37:61:37:61:Infinity": 0,
        "f:73:15:73:16": 1,
        "s:73:24:73:Infinity": 4,
        "f:85:15:85:16": 2,
        "s:86:6:86:Infinity": 5,
        "b:86:6:86:37:86:37:86:Infinity": 1,
        "f:98:15:98:16": 3,
        "s:99:6:99:Infinity": 6,
        "b:99:6:99:37:99:37:99:Infinity": 2,
        "f:111:15:111:16": 4,
        "s:111:24:111:Infinity": 7,
        "f:124:15:124:16": 5,
        "s:124:24:124:Infinity": 8,
        "b:124:24:124:53:124:53:124:Infinity": 3,
        "f:137:15:137:16": 6,
        "s:138:6:138:Infinity": 9,
        "b:138:6:138:40:138:40:138:Infinity": 4,
        "f:151:15:151:16": 7,
        "s:152:6:154:Infinity": 10,
        "b:152:6:152:Infinity:153:6:153:Infinity:154:6:154:Infinity": 5,
        "f:167:15:167:16": 8,
        "s:167:24:167:Infinity": 11,
        "f:180:15:180:16": 9,
        "s:181:6:181:Infinity": 12,
        "b:181:6:181:50:181:50:181:Infinity": 6,
        "f:199:16:199:28": 10,
        "s:200:24:200:Infinity": 13,
        "s:202:23:202:Infinity": 14,
        "s:204:4:204:Infinity": 15,
        "b:206:2:225:Infinity:undefined:undefined:undefined:undefined": 7,
        "s:206:2:225:Infinity": 16,
        "b:207:4:207:Infinity:208:4:208:Infinity": 8,
        "s:210:22:210:Infinity": 17,
        "b:212:4:218:Infinity:undefined:undefined:undefined:undefined": 9,
        "s:212:4:218:Infinity": 18,
        "s:213:6:217:Infinity": 19,
        "s:220:4:224:Infinity": 20,
        "s:227:2:231:Infinity": 21,
        "f:240:16:240:Infinity": 11,
        "s:243:19:243:Infinity": 22,
        "f:243:43:243:49": 12,
        "s:243:49:243:68": 23,
        "s:245:2:249:Infinity": 24,
        "b:246:4:248:Infinity:undefined:undefined:undefined:undefined": 10,
        "s:246:4:248:Infinity": 25,
        "b:246:8:246:36:246:36:246:71": 11,
        "s:247:6:247:Infinity": 26,
        "s:251:2:251:Infinity": 27
      }
    }
  },
  "/Users/masayoshiyuuto/neet-quest/src/data/items.ts": {
    "path": "/Users/masayoshiyuuto/neet-quest/src/data/items.ts",
    "statementMap": {
      "0": {
        "start": { "line": 3, "column": 43 },
        "end": { "line": 134, "column": null }
      }
    },
    "fnMap": {},
    "branchMap": {},
    "s": { "0": 8 },
    "f": {},
    "b": {},
    "meta": {
      "lastBranch": 0,
      "lastFunction": 0,
      "lastStatement": 1,
      "seen": { "s:3:43:134:Infinity": 0 }
    }
  },
  "/Users/masayoshiyuuto/neet-quest/src/data/maps.ts": {
    "path": "/Users/masayoshiyuuto/neet-quest/src/data/maps.ts",
    "statementMap": {
      "0": {
        "start": { "line": 8, "column": 2 },
        "end": { "line": 8, "column": null }
      },
      "1": {
        "start": { "line": 11, "column": 10 },
        "end": { "line": 11, "column": null }
      },
      "2": {
        "start": { "line": 11, "column": 16 },
        "end": { "line": 11, "column": null }
      },
      "3": {
        "start": { "line": 12, "column": 10 },
        "end": { "line": 12, "column": null }
      },
      "4": {
        "start": { "line": 12, "column": 16 },
        "end": { "line": 12, "column": null }
      },
      "5": {
        "start": { "line": 13, "column": 10 },
        "end": { "line": 13, "column": null }
      },
      "6": {
        "start": { "line": 13, "column": 26 },
        "end": { "line": 13, "column": null }
      },
      "7": {
        "start": { "line": 14, "column": 10 },
        "end": { "line": 14, "column": null }
      },
      "8": {
        "start": { "line": 14, "column": 26 },
        "end": { "line": 14, "column": null }
      },
      "9": {
        "start": { "line": 15, "column": 10 },
        "end": { "line": 15, "column": null }
      },
      "10": {
        "start": { "line": 15, "column": 26 },
        "end": { "line": 15, "column": null }
      },
      "11": {
        "start": { "line": 17, "column": 20 },
        "end": { "line": 44, "column": null }
      },
      "12": {
        "start": { "line": 46, "column": 29 },
        "end": { "line": 73, "column": null }
      },
      "13": {
        "start": { "line": 75, "column": 29 },
        "end": { "line": 102, "column": null }
      },
      "14": {
        "start": { "line": 104, "column": 23 },
        "end": { "line": 131, "column": null }
      },
      "15": {
        "start": { "line": 133, "column": 45 },
        "end": { "line": 259, "column": null }
      }
    },
    "fnMap": {
      "0": {
        "name": "tile",
        "decl": {
          "start": { "line": 3, "column": 9 },
          "end": { "line": 3, "column": null }
        },
        "loc": {
          "start": { "line": 7, "column": 11 },
          "end": { "line": 9, "column": null }
        },
        "line": 7
      },
      "1": {
        "name": "(anonymous_1)",
        "decl": {
          "start": { "line": 11, "column": 10 },
          "end": { "line": 11, "column": 16 }
        },
        "loc": {
          "start": { "line": 11, "column": 16 },
          "end": { "line": 11, "column": null }
        },
        "line": 11
      },
      "2": {
        "name": "(anonymous_2)",
        "decl": {
          "start": { "line": 12, "column": 10 },
          "end": { "line": 12, "column": 16 }
        },
        "loc": {
          "start": { "line": 12, "column": 16 },
          "end": { "line": 12, "column": null }
        },
        "line": 12
      },
      "3": {
        "name": "(anonymous_3)",
        "decl": {
          "start": { "line": 13, "column": 10 },
          "end": { "line": 13, "column": 11 }
        },
        "loc": {
          "start": { "line": 13, "column": 26 },
          "end": { "line": 13, "column": null }
        },
        "line": 13
      },
      "4": {
        "name": "(anonymous_4)",
        "decl": {
          "start": { "line": 14, "column": 10 },
          "end": { "line": 14, "column": 11 }
        },
        "loc": {
          "start": { "line": 14, "column": 26 },
          "end": { "line": 14, "column": null }
        },
        "line": 14
      },
      "5": {
        "name": "(anonymous_5)",
        "decl": {
          "start": { "line": 15, "column": 10 },
          "end": { "line": 15, "column": 11 }
        },
        "loc": {
          "start": { "line": 15, "column": 26 },
          "end": { "line": 15, "column": null }
        },
        "line": 15
      }
    },
    "branchMap": {
      "0": {
        "loc": {
          "start": { "line": 5, "column": 2 },
          "end": { "line": 5, "column": null }
        },
        "type": "default-arg",
        "locations": [
          {
            "start": { "line": 5, "column": 13 },
            "end": { "line": 5, "column": null }
          }
        ],
        "line": 5
      }
    },
    "s": {
      "0": 3456,
      "1": 8,
      "2": 1752,
      "3": 8,
      "4": 1488,
      "5": 8,
      "6": 32,
      "7": 8,
      "8": 96,
      "9": 8,
      "10": 88,
      "11": 8,
      "12": 8,
      "13": 8,
      "14": 8,
      "15": 8
    },
    "f": { "0": 3456, "1": 1752, "2": 1488, "3": 32, "4": 96, "5": 88 },
    "b": { "0": [3456] },
    "meta": {
      "lastBranch": 1,
      "lastFunction": 6,
      "lastStatement": 16,
      "seen": {
        "f:3:9:3:Infinity": 0,
        "b:5:13:5:Infinity": 0,
        "s:8:2:8:Infinity": 0,
        "s:11:10:11:Infinity": 1,
        "f:11:10:11:16": 1,
        "s:11:16:11:Infinity": 2,
        "s:12:10:12:Infinity": 3,
        "f:12:10:12:16": 2,
        "s:12:16:12:Infinity": 4,
        "s:13:10:13:Infinity": 5,
        "f:13:10:13:11": 3,
        "s:13:26:13:Infinity": 6,
        "s:14:10:14:Infinity": 7,
        "f:14:10:14:11": 4,
        "s:14:26:14:Infinity": 8,
        "s:15:10:15:Infinity": 9,
        "f:15:10:15:11": 5,
        "s:15:26:15:Infinity": 10,
        "s:17:20:44:Infinity": 11,
        "s:46:29:73:Infinity": 12,
        "s:75:29:102:Infinity": 13,
        "s:104:23:131:Infinity": 14,
        "s:133:45:259:Infinity": 15
      }
    }
  },
  "/Users/masayoshiyuuto/neet-quest/src/data/partyCombat.ts": {
    "path": "/Users/masayoshiyuuto/neet-quest/src/data/partyCombat.ts",
    "statementMap": {
      "0": {
        "start": { "line": 27, "column": 20 },
        "end": { "line": 27, "column": null }
      },
      "1": {
        "start": { "line": 27, "column": 34 },
        "end": { "line": 27, "column": null }
      },
      "2": {
        "start": { "line": 32, "column": 12 },
        "end": { "line": 32, "column": null }
      },
      "3": {
        "start": { "line": 33, "column": 14 },
        "end": { "line": 33, "column": null }
      },
      "4": {
        "start": { "line": 35, "column": 2 },
        "end": { "line": 40, "column": null }
      },
      "5": {
        "start": { "line": 35, "column": 15 },
        "end": { "line": 35, "column": 18 }
      },
      "6": {
        "start": { "line": 36, "column": 4 },
        "end": { "line": 39, "column": null }
      },
      "7": {
        "start": { "line": 37, "column": 6 },
        "end": { "line": 37, "column": null }
      },
      "8": {
        "start": { "line": 38, "column": 6 },
        "end": { "line": 38, "column": null }
      },
      "9": {
        "start": { "line": 42, "column": 2 },
        "end": { "line": 42, "column": null }
      },
      "10": {
        "start": { "line": 48, "column": 12 },
        "end": { "line": 48, "column": null }
      },
      "11": {
        "start": { "line": 49, "column": 14 },
        "end": { "line": 49, "column": null }
      },
      "12": {
        "start": { "line": 51, "column": 2 },
        "end": { "line": 56, "column": null }
      },
      "13": {
        "start": { "line": 51, "column": 15 },
        "end": { "line": 51, "column": 18 }
      },
      "14": {
        "start": { "line": 52, "column": 4 },
        "end": { "line": 55, "column": null }
      },
      "15": {
        "start": { "line": 53, "column": 6 },
        "end": { "line": 53, "column": null }
      },
      "16": {
        "start": { "line": 54, "column": 6 },
        "end": { "line": 54, "column": null }
      },
      "17": {
        "start": { "line": 58, "column": 2 },
        "end": { "line": 58, "column": null }
      },
      "18": {
        "start": { "line": 62, "column": 2 },
        "end": { "line": 67, "column": null }
      },
      "19": {
        "start": { "line": 75, "column": 2 },
        "end": { "line": 82, "column": null }
      },
      "20": {
        "start": { "line": 93, "column": 25 },
        "end": { "line": 93, "column": null }
      },
      "21": {
        "start": { "line": 96, "column": 24 },
        "end": { "line": 96, "column": null }
      },
      "22": {
        "start": { "line": 97, "column": 2 },
        "end": { "line": 99, "column": null }
      },
      "23": {
        "start": { "line": 98, "column": 4 },
        "end": { "line": 98, "column": null }
      },
      "24": {
        "start": { "line": 102, "column": 2 },
        "end": { "line": 107, "column": null }
      },
      "25": {
        "start": { "line": 102, "column": 15 },
        "end": { "line": 102, "column": 18 }
      },
      "26": {
        "start": { "line": 103, "column": 19 },
        "end": { "line": 103, "column": null }
      },
      "27": {
        "start": { "line": 104, "column": 4 },
        "end": { "line": 106, "column": null }
      },
      "28": {
        "start": { "line": 105, "column": 6 },
        "end": { "line": 105, "column": null }
      },
      "29": {
        "start": { "line": 110, "column": 2 },
        "end": { "line": 112, "column": null }
      },
      "30": {
        "start": { "line": 111, "column": 4 },
        "end": { "line": 111, "column": null }
      },
      "31": {
        "start": { "line": 115, "column": 2 },
        "end": { "line": 115, "column": null }
      },
      "32": {
        "start": { "line": 122, "column": 20 },
        "end": { "line": 122, "column": null }
      },
      "33": {
        "start": { "line": 123, "column": 23 },
        "end": { "line": 123, "column": null }
      },
      "34": {
        "start": { "line": 126, "column": 2 },
        "end": { "line": 131, "column": null }
      },
      "35": {
        "start": { "line": 127, "column": 22 },
        "end": { "line": 127, "column": null }
      },
      "36": {
        "start": { "line": 128, "column": 4 },
        "end": { "line": 130, "column": null }
      },
      "37": {
        "start": { "line": 129, "column": 6 },
        "end": { "line": 129, "column": null }
      },
      "38": {
        "start": { "line": 134, "column": 2 },
        "end": { "line": 136, "column": null }
      },
      "39": {
        "start": { "line": 135, "column": 4 },
        "end": { "line": 135, "column": null }
      },
      "40": {
        "start": { "line": 139, "column": 2 },
        "end": { "line": 139, "column": null }
      },
      "41": {
        "start": { "line": 154, "column": 33 },
        "end": { "line": 154, "column": null }
      },
      "42": {
        "start": { "line": 156, "column": 2 },
        "end": { "line": 174, "column": null }
      },
      "43": {
        "start": { "line": 158, "column": 4 },
        "end": { "line": 158, "column": null }
      },
      "44": {
        "start": { "line": 158, "column": 24 },
        "end": { "line": 158, "column": null }
      },
      "45": {
        "start": { "line": 160, "column": 4 },
        "end": { "line": 173, "column": null }
      },
      "46": {
        "start": { "line": 162, "column": 8 },
        "end": { "line": 162, "column": null }
      },
      "47": {
        "start": { "line": 163, "column": 8 },
        "end": { "line": 163, "column": null }
      },
      "48": {
        "start": { "line": 165, "column": 8 },
        "end": { "line": 165, "column": null }
      },
      "49": {
        "start": { "line": 166, "column": 8 },
        "end": { "line": 166, "column": null }
      },
      "50": {
        "start": { "line": 169, "column": 23 },
        "end": { "line": 169, "column": null }
      },
      "51": {
        "start": { "line": 170, "column": 8 },
        "end": { "line": 170, "column": null }
      },
      "52": {
        "start": { "line": 171, "column": 8 },
        "end": { "line": 171, "column": null }
      },
      "53": {
        "start": { "line": 176, "column": 2 },
        "end": { "line": 176, "column": null }
      }
    },
    "fnMap": {
      "0": {
        "name": "(anonymous_0)",
        "decl": {
          "start": { "line": 27, "column": 20 },
          "end": { "line": 27, "column": 34 }
        },
        "loc": {
          "start": { "line": 27, "column": 34 },
          "end": { "line": 27, "column": null }
        },
        "line": 27
      },
      "1": {
        "name": "findLowestHpEnemyIndex",
        "decl": {
          "start": { "line": 29, "column": 9 },
          "end": { "line": 29, "column": null }
        },
        "loc": {
          "start": { "line": 31, "column": 10 },
          "end": { "line": 43, "column": null }
        },
        "line": 31
      },
      "2": {
        "name": "findStrongestEnemyIndex",
        "decl": {
          "start": { "line": 45, "column": 9 },
          "end": { "line": 45, "column": null }
        },
        "loc": {
          "start": { "line": 47, "column": 10 },
          "end": { "line": 59, "column": null }
        },
        "line": 47
      },
      "3": {
        "name": "basicAttack",
        "decl": {
          "start": { "line": 61, "column": 9 },
          "end": { "line": 61, "column": 21 }
        },
        "loc": {
          "start": { "line": 61, "column": 74 },
          "end": { "line": 68, "column": null }
        },
        "line": 61
      },
      "4": {
        "name": "pickSkill",
        "decl": {
          "start": { "line": 70, "column": 9 },
          "end": { "line": 70, "column": null }
        },
        "loc": {
          "start": { "line": 74, "column": 15 },
          "end": { "line": 83, "column": null }
        },
        "line": 74
      },
      "5": {
        "name": "decideYuki",
        "decl": {
          "start": { "line": 89, "column": 9 },
          "end": { "line": 89, "column": null }
        },
        "loc": {
          "start": { "line": 92, "column": 15 },
          "end": { "line": 116, "column": null }
        },
        "line": 92
      },
      "6": {
        "name": "decideDaisuke",
        "decl": {
          "start": { "line": 118, "column": 9 },
          "end": { "line": 118, "column": null }
        },
        "loc": {
          "start": { "line": 121, "column": 15 },
          "end": { "line": 140, "column": null }
        },
        "line": 121
      },
      "7": {
        "name": "choosePartyActions",
        "decl": {
          "start": { "line": 153, "column": 16 },
          "end": { "line": 153, "column": 35 }
        },
        "loc": {
          "start": { "line": 153, "column": 79 },
          "end": { "line": 177, "column": null }
        },
        "line": 153
      }
    },
    "branchMap": {
      "0": {
        "loc": {
          "start": { "line": 36, "column": 4 },
          "end": { "line": 39, "column": null }
        },
        "type": "if",
        "locations": [
          {
            "start": { "line": 36, "column": 4 },
            "end": { "line": 39, "column": null }
          },
          { "start": {}, "end": {} }
        ],
        "line": 36
      },
      "1": {
        "loc": {
          "start": { "line": 36, "column": 8 },
          "end": { "line": 36, "column": 52 }
        },
        "type": "binary-expr",
        "locations": [
          {
            "start": { "line": 36, "column": 8 },
            "end": { "line": 36, "column": 29 }
          },
          {
            "start": { "line": 36, "column": 29 },
            "end": { "line": 36, "column": 52 }
          }
        ],
        "line": 36
      },
      "2": {
        "loc": {
          "start": { "line": 52, "column": 4 },
          "end": { "line": 55, "column": null }
        },
        "type": "if",
        "locations": [
          {
            "start": { "line": 52, "column": 4 },
            "end": { "line": 55, "column": null }
          },
          { "start": {}, "end": {} }
        ],
        "line": 52
      },
      "3": {
        "loc": {
          "start": { "line": 52, "column": 8 },
          "end": { "line": 52, "column": 52 }
        },
        "type": "binary-expr",
        "locations": [
          {
            "start": { "line": 52, "column": 8 },
            "end": { "line": 52, "column": 29 }
          },
          {
            "start": { "line": 52, "column": 29 },
            "end": { "line": 52, "column": 52 }
          }
        ],
        "line": 52
      },
      "4": {
        "loc": {
          "start": { "line": 73, "column": 2 },
          "end": { "line": 73, "column": null }
        },
        "type": "default-arg",
        "locations": [
          {
            "start": { "line": 73, "column": 60 },
            "end": { "line": 73, "column": null }
          }
        ],
        "line": 73
      },
      "5": {
        "loc": {
          "start": { "line": 97, "column": 2 },
          "end": { "line": 99, "column": null }
        },
        "type": "if",
        "locations": [
          {
            "start": { "line": 97, "column": 2 },
            "end": { "line": 99, "column": null }
          },
          { "start": {}, "end": {} }
        ],
        "line": 97
      },
      "6": {
        "loc": {
          "start": { "line": 97, "column": 6 },
          "end": { "line": 97, "column": 43 }
        },
        "type": "binary-expr",
        "locations": [
          {
            "start": { "line": 97, "column": 6 },
            "end": { "line": 97, "column": 29 }
          },
          {
            "start": { "line": 97, "column": 29 },
            "end": { "line": 97, "column": 43 }
          }
        ],
        "line": 97
      },
      "7": {
        "loc": {
          "start": { "line": 104, "column": 4 },
          "end": { "line": 106, "column": null }
        },
        "type": "if",
        "locations": [
          {
            "start": { "line": 104, "column": 4 },
            "end": { "line": 106, "column": null }
          },
          { "start": {}, "end": {} }
        ],
        "line": 104
      },
      "8": {
        "loc": {
          "start": { "line": 104, "column": 8 },
          "end": { "line": 104, "column": 73 }
        },
        "type": "binary-expr",
        "locations": [
          {
            "start": { "line": 104, "column": 8 },
            "end": { "line": 104, "column": 25 }
          },
          {
            "start": { "line": 104, "column": 25 },
            "end": { "line": 104, "column": 59 }
          },
          {
            "start": { "line": 104, "column": 59 },
            "end": { "line": 104, "column": 73 }
          }
        ],
        "line": 104
      },
      "9": {
        "loc": {
          "start": { "line": 110, "column": 2 },
          "end": { "line": 112, "column": null }
        },
        "type": "if",
        "locations": [
          {
            "start": { "line": 110, "column": 2 },
            "end": { "line": 112, "column": null }
          },
          { "start": {}, "end": {} }
        ],
        "line": 110
      },
      "10": {
        "loc": {
          "start": { "line": 110, "column": 6 },
          "end": { "line": 110, "column": 36 }
        },
        "type": "binary-expr",
        "locations": [
          {
            "start": { "line": 110, "column": 6 },
            "end": { "line": 110, "column": 22 }
          },
          {
            "start": { "line": 110, "column": 22 },
            "end": { "line": 110, "column": 36 }
          }
        ],
        "line": 110
      },
      "11": {
        "loc": {
          "start": { "line": 126, "column": 2 },
          "end": { "line": 131, "column": null }
        },
        "type": "if",
        "locations": [
          {
            "start": { "line": 126, "column": 2 },
            "end": { "line": 131, "column": null }
          },
          { "start": {}, "end": {} }
        ],
        "line": 126
      },
      "12": {
        "loc": {
          "start": { "line": 126, "column": 6 },
          "end": { "line": 126, "column": 45 }
        },
        "type": "binary-expr",
        "locations": [
          {
            "start": { "line": 126, "column": 6 },
            "end": { "line": 126, "column": 26 }
          },
          {
            "start": { "line": 126, "column": 26 },
            "end": { "line": 126, "column": 45 }
          }
        ],
        "line": 126
      },
      "13": {
        "loc": {
          "start": { "line": 128, "column": 4 },
          "end": { "line": 130, "column": null }
        },
        "type": "if",
        "locations": [
          {
            "start": { "line": 128, "column": 4 },
            "end": { "line": 130, "column": null }
          },
          { "start": {}, "end": {} }
        ],
        "line": 128
      },
      "14": {
        "loc": {
          "start": { "line": 134, "column": 2 },
          "end": { "line": 136, "column": null }
        },
        "type": "if",
        "locations": [
          {
            "start": { "line": 134, "column": 2 },
            "end": { "line": 136, "column": null }
          },
          { "start": {}, "end": {} }
        ],
        "line": 134
      },
      "15": {
        "loc": {
          "start": { "line": 134, "column": 6 },
          "end": { "line": 134, "column": 40 }
        },
        "type": "binary-expr",
        "locations": [
          {
            "start": { "line": 134, "column": 6 },
            "end": { "line": 134, "column": 26 }
          },
          {
            "start": { "line": 134, "column": 26 },
[...]
        "s:851:27:851:Infinity": 327,
        "f:851:42:851:43": 68,
        "s:851:49:851:57": 328,
        "b:852:6:891:Infinity:undefined:undefined:undefined:undefined": 95,
        "s:852:6:891:Infinity": 329,
        "s:853:25:853:Infinity": 330,
        "f:853:53:853:54": 69,
        "s:853:63:853:74": 331,
        "s:854:26:854:Infinity": 332,
        "f:854:54:854:55": 70,
        "s:854:64:854:76": 333,
        "s:855:8:855:Infinity": 334,
        "s:856:8:886:Infinity": 335,
        "f:856:19:856:25": 71,
        "s:857:21:857:Infinity": 336,
        "b:858:10:858:Infinity:undefined:undefined:undefined:undefined": 96,
        "s:858:10:858:Infinity": 337,
        "s:858:26:858:Infinity": 338,
        "s:859:10:859:Infinity": 339,
        "s:860:10:860:Infinity": 340,
        "s:861:10:863:Infinity": 341,
        "f:861:14:861:15": 72,
        "s:861:22:863:12": 342,
        "s:864:10:884:Infinity": 343,
        "s:865:12:883:Infinity": 344,
        "b:866:14:882:Infinity:undefined:undefined:undefined:undefined": 97,
        "s:866:14:882:Infinity": 345,
        "s:867:16:867:Infinity": 346,
        "s:868:33:868:Infinity": 347,
        "b:869:16:881:Infinity:undefined:undefined:undefined:undefined": 98,
        "s:869:16:881:Infinity": 348,
        "s:870:18:880:Infinity": 349,
        "f:870:22:870:23": 73,
        "s:870:30:880:20": 350,
        "b:872:24:878:Infinity:879:24:879:Infinity": 99,
        "s:885:10:885:Infinity": 351,
        "s:887:8:890:Infinity": 352,
        "s:893:6:895:Infinity": 353,
        "f:893:17:893:23": 74,
        "b:894:8:894:Infinity:undefined:undefined:undefined:undefined": 100,
        "s:894:8:894:Infinity": 354,
        "s:894:26:894:Infinity": 355,
        "s:896:6:899:Infinity": 356,
        "f:902:17:902:18": 75,
        "s:903:18:903:Infinity": 357,
        "b:904:4:904:Infinity:undefined:undefined:undefined:undefined": 101,
        "s:904:4:904:Infinity": 358,
        "s:904:23:904:Infinity": 359,
        "s:905:4:905:Infinity": 360,
        "s:906:17:906:Infinity": 361,
        "b:907:4:920:Infinity:undefined:undefined:undefined:undefined": 102,
        "s:907:4:920:Infinity": 362,
        "s:908:6:916:Infinity": 363,
        "f:908:10:908:11": 76,
        "s:908:18:916:8": 364,
        "b:910:12:914:Infinity:915:12:915:Infinity": 103,
        "s:917:6:919:Infinity": 365,
        "f:917:17:917:23": 77,
        "b:918:8:918:Infinity:undefined:undefined:undefined:undefined": 104,
        "s:918:8:918:Infinity": 366,
        "s:918:26:918:Infinity": 367,
        "f:923:14:923:20": 78,
        "s:924:20:924:Infinity": 368,
        "b:925:4:936:Infinity:undefined:undefined:undefined:undefined": 105,
        "s:925:4:936:Infinity": 369,
        "s:926:6:934:Infinity": 370,
        "f:926:10:926:11": 79,
        "s:926:22:934:8": 371,
        "b:928:12:932:Infinity:933:12:933:Infinity": 106,
        "s:935:6:935:Infinity": 372,
        "s:937:4:945:Infinity": 373,
        "f:937:8:937:9": 80,
        "s:937:20:945:6": 374,
        "b:939:10:943:Infinity:944:10:944:Infinity": 107,
        "s:946:4:948:Infinity": 375,
        "f:946:15:946:21": 81,
        "b:947:6:947:Infinity:undefined:undefined:undefined:undefined": 108,
        "s:947:6:947:Infinity": 376,
        "s:947:24:947:Infinity": 377,
        "s:949:4:949:Infinity": 378,
        "f:952:13:952:19": 82,
        "s:953:18:953:Infinity": 379,
        "b:954:4:958:Infinity:undefined:undefined:undefined:undefined": 109,
        "s:954:4:958:Infinity": 380,
        "b:954:8:954:25:954:25:954:51": 110,
        "s:956:6:956:Infinity": 381,
        "f:956:17:956:23": 83,
        "b:956:25:956:62:undefined:undefined:undefined:undefined": 111,
        "s:956:25:956:62": 382,
        "s:956:43:956:62": 383,
        "s:957:6:957:Infinity": 384,
        "s:960:10:966:Infinity": 385,
        "f:963:40:963:41": 84,
        "s:963:48:965:8": 386,
        "s:968:16:968:Infinity": 387,
        "s:969:20:969:Infinity": 388,
        "s:970:19:970:Infinity": 389,
        "s:971:21:971:Infinity": 390,
        "s:973:4:1026:Infinity": 391,
        "b:974:6:1025:Infinity:1013:13:1025:Infinity": 112,
        "s:974:6:1025:Infinity": 392,
        "b:974:10:974:37:974:37:974:53": 113,
        "s:975:23:975:Infinity": 393,
        "f:975:37:975:38": 85,
        "s:975:44:975:68": 394,
        "b:976:8:976:Infinity:undefined:undefined:undefined:undefined": 114,
        "s:976:8:976:Infinity": 395,
        "s:976:21:976:Infinity": 396,
        "s:977:22:977:Infinity": 397,
        "f:977:41:977:42": 86,
        "s:977:48:977:71": 398,
        "b:978:8:988:Infinity:undefined:undefined:undefined:undefined": 115,
        "s:978:8:988:Infinity": 399,
        "b:978:12:978:22:978:22:978:48": 116,
        "s:980:21:980:Infinity": 400,
        "b:980:21:980:43:980:43:980:Infinity": 117,
        "b:981:10:986:Infinity:undefined:undefined:undefined:undefined": 118,
        "s:981:10:986:Infinity": 401,
        "b:981:14:981:29:981:29:981:49": 119,
        "s:982:24:982:Infinity": 402,
        "s:983:12:983:Infinity": 403,
        "s:984:12:984:Infinity": 404,
        "b:985:12:985:Infinity:undefined:undefined:undefined:undefined": 120,
        "s:985:12:985:Infinity": 405,
        "s:985:37:985:Infinity": 406,
        "s:987:10:987:Infinity": 407,
        "s:990:8:990:Infinity": 408,
        "b:992:8:1012:Infinity:1000:15:1012:Infinity": 121,
        "s:992:8:1012:Infinity": 409,
        "b:994:10:999:Infinity:997:10:999:Infinity": 122,
        "s:994:10:999:Infinity": 410,
        "s:995:12:995:Infinity": 411,
        "s:996:12:996:Infinity": 412,
        "b:997:10:999:Infinity:undefined:undefined:undefined:undefined": 123,
        "s:997:10:999:Infinity": 413,
        "s:998:12:998:Infinity": 414,
        "s:1002:21:1002:Infinity": 415,
        "b:1002:21:1002:43:1002:43:1002:Infinity": 124,
        "b:1003:10:1011:Infinity:undefined:undefined:undefined:undefined": 125,
        "s:1003:10:1011:Infinity": 416,
        "b:1003:14:1003:29:1003:29:1003:51:1003:51:1003:76": 126,
        "s:1004:24:1004:Infinity": 417,
        "s:1005:12:1005:Infinity": 418,
        "s:1006:12:1006:Infinity": 419,
        "b:1007:12:1010:Infinity:undefined:undefined:undefined:undefined": 127,
        "s:1007:12:1010:Infinity": 420,
        "s:1008:14:1008:Infinity": 421,
        "s:1009:14:1009:Infinity": 422,
        "s:1015:19:1015:Infinity": 423,
        "b:1015:19:1015:41:1015:41:1015:Infinity": 128,
        "s:1016:23:1016:Infinity": 424,
        "f:1016:37:1016:38": 87,
        "s:1016:44:1016:68": 425,
        "b:1017:8:1017:Infinity:undefined:undefined:undefined:undefined": 129,
        "s:1017:8:1017:Infinity": 426,
        "b:1017:12:1017:23:1017:23:1017:39:1017:39:1017:60": 130,
        "s:1017:60:1017:Infinity": 427,
        "s:1018:20:1018:Infinity": 428,
        "s:1019:8:1019:Infinity": 429,
        "s:1020:8:1020:Infinity": 430,
        "b:1021:8:1024:Infinity:undefined:undefined:undefined:undefined": 131,
        "s:1021:8:1024:Infinity": 431,
        "s:1022:10:1022:Infinity": 432,
        "s:1023:10:1023:Infinity": 433,
        "s:1029:25:1029:Infinity": 434,
        "f:1029:40:1029:41": 88,
        "s:1029:47:1029:55": 435,
        "b:1030:4:1056:Infinity:undefined:undefined:undefined:undefined": 132,
        "s:1030:4:1056:Infinity": 436,
        "s:1031:23:1031:Infinity": 437,
        "f:1031:51:1031:52": 89,
        "s:1031:61:1031:72": 438,
        "s:1032:24:1032:Infinity": 439,
        "f:1032:52:1032:53": 90,
        "s:1032:62:1032:74": 440,
        "s:1033:6:1033:Infinity": 441,
        "s:1034:28:1034:Infinity": 442,
        "s:1035:6:1049:Infinity": 443,
        "f:1035:17:1035:23": 91,
        "b:1036:8:1036:Infinity:undefined:undefined:undefined:undefined": 133,
        "s:1036:8:1036:Infinity": 444,
        "s:1036:27:1036:Infinity": 445,
        "s:1037:19:1037:Infinity": 446,
        "s:1038:8:1038:Infinity": 447,
        "s:1039:8:1039:Infinity": 448,
        "s:1040:8:1040:Infinity": 449,
        "f:1040:12:1040:13": 92,
        "s:1040:20:1040:82": 450,
        "s:1041:8:1047:Infinity": 451,
        "s:1042:10:1046:Infinity": 452,
        "b:1043:12:1045:Infinity:undefined:undefined:undefined:undefined": 134,
        "s:1043:12:1045:Infinity": 453,
        "s:1044:14:1044:Infinity": 454,
        "s:1048:8:1048:Infinity": 455,
        "s:1050:6:1054:Infinity": 456,
        "s:1055:6:1055:Infinity": 457,
        "s:1058:4:1062:Infinity": 458,
        "s:1065:4:1065:Infinity": 459,
        "f:1065:15:1065:21": 93,
        "b:1065:23:1065:60:undefined:undefined:undefined:undefined": 135,
        "s:1065:23:1065:60": 460,
        "s:1065:41:1065:60": 461,
        "f:1068:13:1068:Infinity": 94,
        "s:1069:4:1130:Infinity": 462,
        "f:1069:8:1069:9": 95,
        "b:1070:6:1070:Infinity:undefined:undefined:undefined:undefined": 136,
        "s:1070:6:1070:Infinity": 463,
        "s:1070:25:1070:Infinity": 464,
        "s:1071:22:1071:Infinity": 465,
        "s:1072:18:1072:Infinity": 466,
        "s:1073:21:1073:Infinity": 467,
        "s:1074:22:1074:Infinity": 468,
        "s:1076:6:1116:Infinity": 469,
        "s:1076:19:1076:22": 470,
        "s:1077:22:1077:Infinity": 471,
        "b:1078:8:1078:Infinity:undefined:undefined:undefined:undefined": 137,
        "s:1078:8:1078:Infinity": 472,
        "s:1078:27:1078:Infinity": 473,
        "s:1080:31:1080:Infinity": 474,
        "s:1081:14:1085:Infinity": 475,
        "b:1087:8:1115:Infinity:1111:15:1115:Infinity": 138,
        "s:1087:8:1115:Infinity": 476,
        "b:1087:12:1087:39:1087:39:1087:55": 139,
        "s:1088:24:1088:Infinity": 477,
        "f:1088:42:1088:43": 96,
        "s:1088:49:1088:72": 478,
        "b:1089:10:1110:Infinity:1105:17:1110:Infinity": 140,
        "s:1089:10:1110:Infinity": 479,
        "b:1090:12:1104:Infinity:1094:12:1104:Infinity": 141,
        "s:1090:12:1104:Infinity": 480,
        "s:1091:29:1091:Infinity": 481,
        "s:1092:14:1092:Infinity": 482,
        "s:1093:14:1093:Infinity": 483,
        "b:1094:12:1104:Infinity:1097:12:1104:Infinity": 142,
        "s:1094:12:1104:Infinity": 484,
        "s:1095:14:1095:Infinity": 485,
        "s:1096:14:1096:Infinity": 486,
        "b:1097:12:1104:Infinity:1100:12:1104:Infinity": 143,
        "s:1097:12:1104:Infinity": 487,
        "s:1098:14:1098:Infinity": 488,
        "s:1099:14:1099:Infinity": 489,
        "b:1100:12:1104:Infinity:undefined:undefined:undefined:undefined": 144,
        "s:1100:12:1104:Infinity": 490,
        "s:1101:33:1101:Infinity": 491,
        "s:1102:14:1102:Infinity": 492,
        "s:1103:14:1103:Infinity": 493,
        "s:1107:27:1107:Infinity": 494,
        "s:1108:12:1108:Infinity": 495,
        "s:1109:12:1109:Infinity": 496,
        "s:1112:25:1112:Infinity": 497,
        "s:1113:10:1113:Infinity": 498,
        "s:1114:10:1114:Infinity": 499,
        "b:1118:6:1124:Infinity:undefined:undefined:undefined:undefined": 145,
        "s:1118:6:1124:Infinity": 500,
        "s:1119:8:1119:Infinity": 501,
        "s:1120:8:1123:Infinity": 502,
        "s:1126:6:1129:Infinity": 503,
        "f:1132:13:1132:19": 97,
        "s:1132:19:1132:Infinity": 504,
        "f:1134:17:1134:18": 98,
        "s:1135:16:1135:Infinity": 505,
        "b:1136:4:1136:Infinity:undefined:undefined:undefined:undefined": 146,
        "s:1136:4:1136:Infinity": 506,
        "s:1136:14:1136:Infinity": 507,
        "s:1137:16:1137:Infinity": 508,
        "f:1137:30:1137:31": 99,
        "s:1137:37:1137:51": 509,
        "b:1138:4:1138:Infinity:undefined:undefined:undefined:undefined": 147,
        "s:1138:4:1138:Infinity": 510,
        "b:1138:8:1138:16:1138:16:1138:44": 148,
        "s:1138:44:1138:Infinity": 511,
        "s:1139:4:1139:Infinity": 512,
        "s:1140:4:1140:Infinity": 513,
        "f:1143:19:1143:20": 100,
        "s:1144:4:1163:Infinity": 514,
        "f:1144:8:1144:9": 101,
        "b:1145:6:1145:Infinity:undefined:undefined:undefined:undefined": 149,
        "s:1145:6:1145:Infinity": 515,
        "b:1145:10:1145:36:1145:36:1145:57": 150,
        "s:1145:57:1145:Infinity": 516,
        "s:1146:18:1146:Infinity": 517,
        "b:1147:6:1147:Infinity:undefined:undefined:undefined:undefined": 151,
        "s:1147:6:1147:Infinity": 518,
        "s:1147:16:1147:Infinity": 519,
        "s:1148:18:1148:Infinity": 520,
        "f:1148:32:1148:33": 102,
        "s:1148:39:1148:66": 521,
        "b:1149:6:1149:Infinity:undefined:undefined:undefined:undefined": 152,
        "s:1149:6:1149:Infinity": 522,
        "s:1149:16:1149:Infinity": 523,
        "b:1151:6:1161:Infinity:undefined:undefined:undefined:undefined": 153,
        "s:1151:6:1161:Infinity": 524,
        "b:1151:10:1151:43:1151:43:1151:70": 154,
        "s:1152:23:1152:Infinity": 525,
        "b:1153:8:1160:Infinity:undefined:undefined:undefined:undefined": 155,
        "s:1153:8:1160:Infinity": 526,
        "s:1154:31:1156:Infinity": 527,
        "f:1155:12:1155:13": 103,
        "s:1155:19:1155:Infinity": 528,
        "b:1157:10:1159:Infinity:undefined:undefined:undefined:undefined": 156,
        "s:1157:10:1159:Infinity": 529,
        "s:1158:12:1158:Infinity": 530,
        "s:1162:6:1162:Infinity": 531,
        "f:1165:15:1165:21": 104,
        "s:1165:21:1165:Infinity": 532,
        "f:1167:12:1167:13": 105,
        "s:1168:18:1168:Infinity": 533,
        "s:1169:31:1191:Infinity": 534,
        "s:1192:4:1192:Infinity": 535,
        "f:1195:12:1195:13": 106,
        "s:1196:17:1196:Infinity": 536,
        "b:1197:4:1197:Infinity:undefined:undefined:undefined:undefined": 157,
        "s:1197:4:1197:Infinity": 537,
        "s:1197:15:1197:Infinity": 538,
        "s:1198:31:1198:Infinity": 539,
        "s:1199:4:1225:Infinity": 540,
        "b:1211:11:1211:27:1211:27:1211:Infinity": 158,
        "b:1212:28:1212:61:1212:61:1212:Infinity": 159,
        "b:1213:23:1213:51:1213:51:1213:Infinity": 160,
        "b:1214:19:1214:43:1214:43:1214:Infinity": 161,
        "b:1215:22:1215:49:1215:49:1215:Infinity": 162,
        "b:1216:21:1216:47:1216:47:1216:Infinity": 163,
        "b:1217:17:1217:39:1217:39:1217:Infinity": 164,
        "b:1218:16:1218:37:1218:37:1218:Infinity": 165,
        "s:1226:4:1226:Infinity": 541,
        "f:1229:16:1229:22": 107,
        "s:1230:4:1233:Infinity": 542,
        "f:1230:25:1230:26": 108,
        "s:1231:19:1231:Infinity": 543,
        "s:1232:6:1232:Infinity": 544,
        "b:1232:20:1232:39:1232:39:1232:Infinity": 166,
        "f:1236:19:1236:20": 109,
        "s:1237:4:1237:Infinity": 545,
        "f:1237:8:1237:9": 110,
        "s:1237:20:1237:66": 546,
        "f:1240:14:1240:20": 111,
        "s:1240:20:1240:Infinity": 547,
        "f:1240:24:1240:25": 112,
        "s:1240:36:1240:59": 548,
        "f:1243:21:1243:27": 113,
        "s:1244:18:1244:Infinity": 549,
        "s:1245:34:1245:Infinity": 550,
        "s:1246:4:1273:Infinity": 551,
        "b:1247:6:1247:Infinity:undefined:undefined:undefined:undefined": 167,
        "s:1247:6:1247:Infinity": 552,
        "s:1247:51:1247:Infinity": 553,
        "s:1248:16:1248:Infinity": 554,
        "b:1250:8:1252:Infinity:1253:8:1255:Infinity:1256:8:1258:Infinity:1259:8:1261:Infinity:1262:8:1264:Infinity:1265:8:1267:Infinity:1268:8:1270:Infinity": 168,
        "s:1249:6:1271:Infinity": 555,
        "s:1251:10:1251:Infinity": 556,
        "s:1252:10:1252:Infinity": 557,
        "s:1254:10:1254:Infinity": 558,
        "s:1255:10:1255:Infinity": 559,
        "s:1257:10:1257:Infinity": 560,
        "s:1258:10:1258:Infinity": 561,
        "s:1260:10:1260:Infinity": 562,
        "s:1261:10:1261:Infinity": 563,
        "s:1263:10:1263:Infinity": 564,
        "s:1264:10:1264:Infinity": 565,
        "s:1266:10:1266:Infinity": 566,
        "s:1267:10:1267:Infinity": 567,
        "s:1269:10:1269:Infinity": 568,
        "s:1270:10:1270:Infinity": 569,
        "b:1272:6:1272:Infinity:undefined:undefined:undefined:undefined": 169,
        "s:1272:6:1272:Infinity": 570,
        "s:1272:15:1272:Infinity": 571,
        "b:1274:4:1279:Infinity:undefined:undefined:undefined:undefined": 170,
        "s:1274:4:1279:Infinity": 572,
        "s:1275:6:1278:Infinity": 573,
        "f:1275:10:1275:11": 114,
        "s:1275:18:1278:8": 574,
        "f:1282:22:1282:28": 115,
        "s:1282:28:1282:Infinity": 575,
        "f:1285:18:1285:19": 116,
        "s:1286:24:1286:Infinity": 576,
        "s:1287:4:1287:Infinity": 577,
        "s:1288:4:1288:Infinity": 578,
        "f:1292:12:1292:13": 117,
        "s:1292:24:1292:Infinity": 579,
        "f:1293:13:1293:19": 118,
        "s:1293:19:1293:Infinity": 580,
        "f:1295:11:1295:12": 119,
        "s:1296:18:1296:Infinity": 581,
        "s:1297:17:1297:Infinity": 582,
        "b:1298:4:1298:Infinity:undefined:undefined:undefined:undefined": 171,
        "s:1298:4:1298:Infinity": 583,
        "b:1298:8:1298:17:1298:17:1298:42": 172,
        "s:1298:42:1298:Infinity": 584,
        "b:1299:4:1318:Infinity:undefined:undefined:undefined:undefined": 173,
        "s:1299:4:1318:Infinity": 585,
        "s:1300:21:1300:Infinity": 586,
        "s:1301:19:1301:Infinity": 587,
        "b:1302:6:1302:Infinity:undefined:undefined:undefined:undefined": 174,
        "s:1302:6:1302:Infinity": 588,
        "s:1302:17:1302:Infinity": 589,
        "s:1303:23:1303:Infinity": 590,
        "f:1303:43:1303:44": 120,
        "s:1303:51:1303:71": 591,
        "b:1304:6:1304:Infinity:undefined:undefined:undefined:undefined": 175,
        "s:1304:6:1304:Infinity": 592,
        "s:1304:21:1304:Infinity": 593,
        "s:1305:27:1305:Infinity": 594,
        "b:1305:27:1305:64:1305:64:1305:Infinity": 176,
        "b:1306:6:1306:Infinity:undefined:undefined:undefined:undefined": 177,
        "s:1306:6:1306:Infinity": 595,
        "s:1306:30:1306:Infinity": 596,
        "b:1307:6:1317:Infinity:undefined:undefined:undefined:undefined": 178,
        "s:1307:6:1317:Infinity": 597,
        "s:1308:8:1316:Infinity": 598,
        "f:1308:12:1308:13": 121,
        "s:1308:20:1316:10": 599,
        "s:1319:4:1319:Infinity": 600,
        "s:1320:4:1320:Infinity": 601,
        "s:1321:4:1321:Infinity": 602,
        "f:1324:12:1324:13": 122,
        "s:1325:18:1325:Infinity": 603,
        "s:1326:17:1326:Infinity": 604,
        "b:1327:4:1327:Infinity:undefined:undefined:undefined:undefined": 179,
        "s:1327:4:1327:Infinity": 605,
        "b:1327:8:1327:17:1327:17:1327:38": 180,
        "s:1327:38:1327:Infinity": 606,
        "s:1328:24:1328:Infinity": 607,
        "f:1328:45:1328:46": 123,
        "s:1328:52:1328:71": 608,
        "b:1329:4:1329:Infinity:undefined:undefined:undefined:undefined": 181,
        "s:1329:4:1329:Infinity": 609,
        "b:1329:8:1329:24:1329:24:1329:48": 182,
        "s:1329:48:1329:Infinity": 610,
        "s:1330:22:1330:Infinity": 611,
        "s:1331:4:1331:Infinity": 612,
        "s:1332:4:1332:Infinity": 613,
        "f:1336:19:1336:Infinity": 124,
        "s:1337:4:1345:Infinity": 614,
        "f:1337:8:1337:9": 125,
        "s:1338:23:1338:Infinity": 615,
        "b:1339:6:1343:Infinity:undefined:undefined:undefined:undefined": 183,
        "s:1339:6:1343:Infinity": 616,
        "s:1340:28:1340:Infinity": 617,
        "s:1341:8:1341:Infinity": 618,
        "s:1342:8:1342:Infinity": 619,
        "s:1344:6:1344:Infinity": 620,
        "f:1346:16:1346:22": 126,
        "s:1347:18:1347:Infinity": 621,
        "s:1348:24:1348:Infinity": 622,
        "s:1349:4:1349:Infinity": 623,
        "s:1350:4:1350:Infinity": 624,
        "f:1354:16:1354:22": 127,
        "s:1354:22:1354:Infinity": 625,
        "f:1357:15:1357:21": 128,
        "s:1358:18:1358:Infinity": 626,
        "s:1359:10:1366:Infinity": 627,
        "s:1367:4:1367:Infinity": 628,
        "f:1370:17:1370:23": 129,
        "s:1370:23:1370:Infinity": 629,
        "f:1372:17:1372:23": 130,
        "s:1372:17:1372:Infinity": 630
      }
    }
  }
}
